<?xml version="1.0" encoding="UTF-8"?>
<!-- Generated by org.testng.reporters.JUnitXMLReporter -->
<testsuite hostname="URMILA" ignored="0" name="Free ZeroBank App Test Cases" tests="30" failures="0" timestamp="2020-09-15T22:56:07 IST" time="678.469" errors="0">
  <testcase name="@BeforeMethod setUp" time="43.937" classname="com.zeroBank.qa.TestCases.AccountActivityTest">
    <failure type="org.openqa.selenium.NoSuchElementException" message="no such element: Unable to locate element: {&amp;quot;method&amp;quot;:&amp;quot;xpath&amp;quot;,&amp;quot;selector&amp;quot;:&amp;quot;//a[contains(text(),&amp;apos;Account Activity&amp;apos;)]&amp;quot;}
  (Session info: chrome=85.0.4183.102)
For documentation on this error, please visit: https://www.seleniumhq.org/exceptions/no_such_element.html
Build info: version: &amp;apos;3.141.59&amp;apos;, revision: &amp;apos;e82be7d358&amp;apos;, time: &amp;apos;2018-11-14T08:17:03&amp;apos;
System info: host: &amp;apos;URMILA&amp;apos;, ip: &amp;apos;192.168.43.60&amp;apos;, os.name: &amp;apos;Windows 10&amp;apos;, os.arch: &amp;apos;amd64&amp;apos;, os.version: &amp;apos;10.0&amp;apos;, java.version: &amp;apos;1.8.0_261&amp;apos;
Driver info: org.openqa.selenium.chrome.ChromeDriver
Capabilities {acceptInsecureCerts: false, browserName: chrome, browserVersion: 85.0.4183.102, chrome: {chromedriverVersion: 85.0.4183.83 (94abc2237ae0c..., userDataDir: C:\Users\Lenovo\AppData\Loc...}, goog:chromeOptions: {debuggerAddress: localhost:51653}, javascriptEnabled: true, networkConnectionEnabled: false, pageLoadStrategy: normal, platform: WINDOWS, platformName: WINDOWS, proxy: Proxy(), setWindowRect: true, strictFileInteractability: false, timeouts: {implicit: 0, pageLoad: 300000, script: 30000}, unhandledPromptBehavior: dismiss and notify, webauthn:virtualAuthenticators: true}
Session ID: 533f305c64fd63e96b1bcc0ac76dc73f
*** Element info: {Using=xpath, value=//a[contains(text(),&amp;apos;Account Activity&amp;apos;)]}">
      <![CDATA[org.openqa.selenium.NoSuchElementException: no such element: Unable to locate element: {"method":"xpath","selector":"//a[contains(text(),'Account Activity')]"}
  (Session info: chrome=85.0.4183.102)
For documentation on this error, please visit: https://www.seleniumhq.org/exceptions/no_such_element.html
Build info: version: '3.141.59', revision: 'e82be7d358', time: '2018-11-14T08:17:03'
System info: host: 'URMILA', ip: '192.168.43.60', os.name: 'Windows 10', os.arch: 'amd64', os.version: '10.0', java.version: '1.8.0_261'
Driver info: org.openqa.selenium.chrome.ChromeDriver
Capabilities {acceptInsecureCerts: false, browserName: chrome, browserVersion: 85.0.4183.102, chrome: {chromedriverVersion: 85.0.4183.83 (94abc2237ae0c..., userDataDir: C:\Users\Lenovo\AppData\Loc...}, goog:chromeOptions: {debuggerAddress: localhost:51653}, javascriptEnabled: true, networkConnectionEnabled: false, pageLoadStrategy: normal, platform: WINDOWS, platformName: WINDOWS, proxy: Proxy(), setWindowRect: true, strictFileInteractability: false, timeouts: {implicit: 0, pageLoad: 300000, script: 30000}, unhandledPromptBehavior: dismiss and notify, webauthn:virtualAuthenticators: true}
Session ID: 533f305c64fd63e96b1bcc0ac76dc73f
*** Element info: {Using=xpath, value=//a[contains(text(),'Account Activity')]}
at org.openqa.selenium.remote.http.W3CHttpResponseCodec.createException(W3CHttpResponseCodec.java:187)
at org.openqa.selenium.remote.http.W3CHttpResponseCodec.decode(W3CHttpResponseCodec.java:122)
at org.openqa.selenium.remote.http.W3CHttpResponseCodec.decode(W3CHttpResponseCodec.java:49)
at org.openqa.selenium.remote.HttpCommandExecutor.execute(HttpCommandExecutor.java:158)
at org.openqa.selenium.remote.service.DriverCommandExecutor.execute(DriverCommandExecutor.java:83)
at org.openqa.selenium.remote.RemoteWebDriver.execute(RemoteWebDriver.java:552)
at org.openqa.selenium.remote.RemoteWebDriver.findElement(RemoteWebDriver.java:323)
at org.openqa.selenium.remote.RemoteWebDriver.findElementByXPath(RemoteWebDriver.java:428)
at org.openqa.selenium.By$ByXPath.findElement(By.java:353)
at org.openqa.selenium.remote.RemoteWebDriver.findElement(RemoteWebDriver.java:315)
at org.openqa.selenium.support.pagefactory.DefaultElementLocator.findElement(DefaultElementLocator.java:69)
at org.openqa.selenium.support.pagefactory.internal.LocatingElementHandler.invoke(LocatingElementHandler.java:38)
at com.sun.proxy.$Proxy9.click(Unknown Source)
at com.zeroBank.qa.pages.AccountActivity.selectAccActivityTab(AccountActivity.java:33)
at com.zeroBank.qa.TestCases.AccountActivityTest.setUp(AccountActivityTest.java:35)
at java.util.ArrayList.forEach(Unknown Source)
... Removed 35 stack frames]]>
    </failure>
  </testcase> <!-- @BeforeMethod setUp -->
  <testcase name="@AfterMethod tearDown" time="-1.60019046226E9" classname="com.zeroBank.qa.TestCases.AccountActivityTest">
    <skipped/>
  </testcase> <!-- @AfterMethod tearDown -->
  <testcase name="@BeforeMethod setUp" time="59.791" classname="com.zeroBank.qa.TestCases.TransferFundTest">
    <failure type="org.openqa.selenium.TimeoutException" message="timeout: Timed out receiving message from renderer: 8.395
  (Session info: chrome=85.0.4183.102)
Build info: version: &amp;apos;3.141.59&amp;apos;, revision: &amp;apos;e82be7d358&amp;apos;, time: &amp;apos;2018-11-14T08:17:03&amp;apos;
System info: host: &amp;apos;URMILA&amp;apos;, ip: &amp;apos;192.168.43.60&amp;apos;, os.name: &amp;apos;Windows 10&amp;apos;, os.arch: &amp;apos;amd64&amp;apos;, os.version: &amp;apos;10.0&amp;apos;, java.version: &amp;apos;1.8.0_261&amp;apos;
Driver info: org.openqa.selenium.chrome.ChromeDriver
Capabilities {acceptInsecureCerts: false, browserName: chrome, browserVersion: 85.0.4183.102, chrome: {chromedriverVersion: 85.0.4183.83 (94abc2237ae0c..., userDataDir: C:\Users\Lenovo\AppData\Loc...}, goog:chromeOptions: {debuggerAddress: localhost:51682}, javascriptEnabled: true, networkConnectionEnabled: false, pageLoadStrategy: normal, platform: WINDOWS, platformName: WINDOWS, proxy: Proxy(), setWindowRect: true, strictFileInteractability: false, timeouts: {implicit: 0, pageLoad: 300000, script: 30000}, unhandledPromptBehavior: dismiss and notify, webauthn:virtualAuthenticators: true}
Session ID: 16eb1e6455cd782b583ee5d6ffc4c1d6">
      <![CDATA[org.openqa.selenium.TimeoutException: timeout: Timed out receiving message from renderer: 8.395
  (Session info: chrome=85.0.4183.102)
Build info: version: '3.141.59', revision: 'e82be7d358', time: '2018-11-14T08:17:03'
System info: host: 'URMILA', ip: '192.168.43.60', os.name: 'Windows 10', os.arch: 'amd64', os.version: '10.0', java.version: '1.8.0_261'
Driver info: org.openqa.selenium.chrome.ChromeDriver
Capabilities {acceptInsecureCerts: false, browserName: chrome, browserVersion: 85.0.4183.102, chrome: {chromedriverVersion: 85.0.4183.83 (94abc2237ae0c..., userDataDir: C:\Users\Lenovo\AppData\Loc...}, goog:chromeOptions: {debuggerAddress: localhost:51682}, javascriptEnabled: true, networkConnectionEnabled: false, pageLoadStrategy: normal, platform: WINDOWS, platformName: WINDOWS, proxy: Proxy(), setWindowRect: true, strictFileInteractability: false, timeouts: {implicit: 0, pageLoad: 300000, script: 30000}, unhandledPromptBehavior: dismiss and notify, webauthn:virtualAuthenticators: true}
Session ID: 16eb1e6455cd782b583ee5d6ffc4c1d6
at org.openqa.selenium.remote.http.W3CHttpResponseCodec.createException(W3CHttpResponseCodec.java:187)
at org.openqa.selenium.remote.http.W3CHttpResponseCodec.decode(W3CHttpResponseCodec.java:122)
at org.openqa.selenium.remote.http.W3CHttpResponseCodec.decode(W3CHttpResponseCodec.java:49)
at org.openqa.selenium.remote.HttpCommandExecutor.execute(HttpCommandExecutor.java:158)
at org.openqa.selenium.remote.service.DriverCommandExecutor.execute(DriverCommandExecutor.java:83)
at org.openqa.selenium.remote.RemoteWebDriver.execute(RemoteWebDriver.java:552)
at org.openqa.selenium.remote.RemoteWebDriver.get(RemoteWebDriver.java:277)
at com.zeroBank.qa.base.TestBase.initialization(TestBase.java:47)
at com.zeroBank.qa.TestCases.TransferFundTest.setUp(TransferFundTest.java:28)
at java.util.ArrayList.forEach(Unknown Source)
... Removed 35 stack frames]]>
    </failure>
  </testcase> <!-- @BeforeMethod setUp -->
  <testcase name="@AfterMethod tearDown" time="-1.600190522069E9" classname="com.zeroBank.qa.TestCases.TransferFundTest">
    <skipped/>
  </testcase> <!-- @AfterMethod tearDown -->
  <testcase name="@BeforeMethod setUp" time="-1.600190522073E9" classname="com.zeroBank.qa.TestCases.TransferFundTest">
    <skipped/>
  </testcase> <!-- @BeforeMethod setUp -->
  <testcase name="@AfterMethod tearDown" time="-1.600190522079E9" classname="com.zeroBank.qa.TestCases.TransferFundTest">
    <skipped/>
  </testcase> <!-- @AfterMethod tearDown -->
  <testcase name="verifyHomePageTitle" time="0.048" classname="com.zeroBank.qa.TestCases.HomePageTest"/>
  <testcase name="verifySigninBtn" time="0.574" classname="com.zeroBank.qa.TestCases.HomePageTest"/>
  <testcase name="doClickOnOnlineBanking" time="2.554" classname="com.zeroBank.qa.TestCases.HomePageTest"/>
  <testcase name="doClickOnFeedBack" time="2.525" classname="com.zeroBank.qa.TestCases.HomePageTest"/>
  <testcase name="doclickOnMoreServices" time="3.632" classname="com.zeroBank.qa.TestCases.HomePageTest"/>
  <testcase name="doClickOnAccActivity" time="2.322" classname="com.zeroBank.qa.TestCases.HomePageTest"/>
  <testcase name="doClickOnTransferFund" time="0.941" classname="com.zeroBank.qa.TestCases.HomePageTest"/>
  <testcase name="doClickOnMyMoneyMap" time="0.955" classname="com.zeroBank.qa.TestCases.HomePageTest"/>
  <testcase name="verifyLoginPageTitle" time="0.02" classname="com.zeroBank.qa.TestCases.LoginPageTest"/>
  <testcase name="verifyLoginTest" time="4.286" classname="com.zeroBank.qa.TestCases.LoginPageTest"/>
  <testcase name="verifyWrongLoginTest" time="1.975" classname="com.zeroBank.qa.TestCases.LoginPageTest"/>
  <testcase name="verifyForgotPasswordTest" time="2.301" classname="com.zeroBank.qa.TestCases.LoginPageTest"/>
  <testcase name="doclickOnSavings" time="1.873" classname="com.zeroBank.qa.TestCases.AccountSummaryTest"/>
  <testcase name="doclickOnChecking" time="1.862" classname="com.zeroBank.qa.TestCases.AccountSummaryTest"/>
  <testcase name="verifyCheckingOption" time="0.716" classname="com.zeroBank.qa.TestCases.AccountActivityTest"/>
  <testcase name="verifySavingsOption" time="0.195" classname="com.zeroBank.qa.TestCases.AccountActivityTest"/>
  <testcase name="verifyLoanOption" time="0.348" classname="com.zeroBank.qa.TestCases.AccountActivityTest"/>
  <testcase name="verifyCreditCardOption" time="0.247" classname="com.zeroBank.qa.TestCases.AccountActivityTest"/>
  <testcase name="verifybrokerageOption" time="0.138" classname="com.zeroBank.qa.TestCases.AccountActivityTest"/>
  <testcase name="verifyfindTransaction" time="0.0" classname="com.zeroBank.qa.TestCases.AccountActivityTest">
    <skipped/>
  </testcase> <!-- verifyfindTransaction -->
  <testcase name="verifyTransferFundPageTitle" time="0.0" classname="com.zeroBank.qa.TestCases.TransferFundTest">
    <skipped/>
  </testcase> <!-- verifyTransferFundPageTitle -->
  <testcase name="verifyCheckingOption" time="0.0" classname="com.zeroBank.qa.TestCases.TransferFundTest">
    <skipped/>
  </testcase> <!-- verifyCheckingOption -->
  <testcase name="verifyPayBillsPageTitle" time="0.011" classname="com.zeroBank.qa.TestCases.PayBillsTest"/>
  <testcase name="verifyPaySavedPayee" time="3.775" classname="com.zeroBank.qa.TestCases.PayBillsTest"/>
  <testcase name="verifyAddNewPayee" time="3.085" classname="com.zeroBank.qa.TestCases.PayBillsTest"/>
  <testcase name="verifPurchaseForeignCurrency" time="3.563" classname="com.zeroBank.qa.TestCases.PayBillsTest"/>
  <testcase name="verifyMYMoneyMapTitle" time="7.196" classname="com.zeroBank.qa.TestCases.MyMoneyMapTest"/>
  <testcase name="verifyChooseAccType" time="2.702" classname="com.zeroBank.qa.TestCases.MyMoneyMapTest"/>
  <testcase name="verifyOnlineStatementTitle" time="0.013" classname="com.zeroBank.qa.TestCases.OnlineStatementsTest"/>
  <testcase name="clickOnYear" time="0.427" classname="com.zeroBank.qa.TestCases.OnlineStatementsTest"/>
</testsuite> <!-- Free ZeroBank App Test Cases -->
