<!DOCTYPE html PUBLIC "-//W3C//DTD XHTML 1.1//EN" "https://www.w3.org/TR/xhtml11/DTD/xhtml11.dtd">
<html xmlns="https://www.w3.org/1999/xhtml">
<head>
<meta http-equiv="content-type" content="text/html; charset=UTF-8"/>
<title>TestNG Report</title>
<style type="text/css">table {margin-bottom:10px;border-collapse:collapse;empty-cells:show}th,td {border:1px solid #009;padding:.25em .5em}th {vertical-align:bottom}td {vertical-align:top}table a {font-weight:bold}.stripe td {background-color: #E6EBF9}.num {text-align:right}.passedodd td {background-color: #3F3}.passedeven td {background-color: #0A0}.skippedodd td {background-color: #DDD}.skippedeven td {background-color: #CCC}.failedodd td,.attn {background-color: #F33}.failedeven td,.stripe .attn {background-color: #D00}.stacktrace {white-space:pre;font-family:monospace}.totop {font-size:85%;text-align:center;border-bottom:2px solid #000}.invisible {display:none}</style>
</head>
<body>
<table>
<tr><th>Test</th><th># Passed</th><th># Skipped</th><th># Retried</th><th># Failed</th><th>Time (ms)</th><th>Included Groups</th><th>Excluded Groups</th></tr>
<tr><th colspan="8">FREE ZeroBank Application Test Automation Test Suite</th></tr>
<tr><td><a href="#t0">Free ZeroBank App Test Cases</a></td><td class="num">27</td><td class="num attn">3</td><td class="num">0</td><td class="num">0</td><td class="num">678,469</td><td></td><td></td></tr>
</table>
<table id='summary'><thead><tr><th>Class</th><th>Method</th><th>Start</th><th>Time (ms)</th></tr></thead><tbody><tr><th colspan="4">FREE ZeroBank Application Test Automation Test Suite</th></tr></tbody><tbody id="t0"><tr><th colspan="4">Free ZeroBank App Test Cases &#8212; failed (configuration methods)</th></tr><tr class="failedeven"><td rowspan="1">com.zeroBank.qa.TestCases.AccountActivityTest</td><td><a href="#m0">setUp</a></td><td rowspan="1">1600190418151</td><td rowspan="1">43937</td></tr><tr class="failedodd"><td rowspan="1">com.zeroBank.qa.TestCases.TransferFundTest</td><td><a href="#m1">setUp</a></td><td rowspan="1">1600190462263</td><td rowspan="1">59791</td></tr><tr><th colspan="4">Free ZeroBank App Test Cases &#8212; skipped (configuration methods)</th></tr><tr class="skippedeven"><td rowspan="1">com.zeroBank.qa.TestCases.AccountActivityTest</td><td><a href="#m2">tearDown</a></td><td rowspan="1">1600190462260</td><td rowspan="1">-1600190462260</td></tr><tr class="skippedodd"><td rowspan="3">com.zeroBank.qa.TestCases.TransferFundTest</td><td><a href="#m3">setUp</a></td><td rowspan="1">1600190522073</td><td rowspan="1">-1600190522073</td></tr><tr class="skippedodd"><td><a href="#m4">tearDown</a></td><td rowspan="2">1600190522069</td><td rowspan="2">-1600190522069</td></tr><tr class="skippedodd"><td><a href="#m5">tearDown</a></td></tr><tr><th colspan="4">Free ZeroBank App Test Cases &#8212; skipped</th></tr><tr class="skippedeven"><td rowspan="1">com.zeroBank.qa.TestCases.AccountActivityTest</td><td><a href="#m6">verifyfindTransaction</a></td><td rowspan="1">1600190462255</td><td rowspan="1">0</td></tr><tr class="skippedodd"><td rowspan="2">com.zeroBank.qa.TestCases.TransferFundTest</td><td><a href="#m7">verifyCheckingOption</a></td><td rowspan="1">1600190522074</td><td rowspan="1">0</td></tr><tr class="skippedodd"><td><a href="#m8">verifyTransferFundPageTitle</a></td><td rowspan="1">1600190522058</td><td rowspan="1">0</td></tr><tr><th colspan="4">Free ZeroBank App Test Cases &#8212; passed</th></tr><tr class="passedeven"><td rowspan="5">com.zeroBank.qa.TestCases.AccountActivityTest</td><td><a href="#m9">verifyCheckingOption</a></td><td rowspan="1">1600190319010</td><td rowspan="1">716</td></tr><tr class="passedeven"><td><a href="#m10">verifyCreditCardOption</a></td><td rowspan="1">1600190389031</td><td rowspan="1">247</td></tr><tr class="passedeven"><td><a href="#m11">verifyLoanOption</a></td><td rowspan="1">1600190366091</td><td rowspan="1">348</td></tr><tr class="passedeven"><td><a href="#m12">verifySavingsOption</a></td><td rowspan="1">1600190342115</td><td rowspan="1">195</td></tr><tr class="passedeven"><td><a href="#m13">verifybrokerageOption</a></td><td rowspan="1">1600190412447</td><td rowspan="1">138</td></tr><tr class="passedodd"><td rowspan="2">com.zeroBank.qa.TestCases.AccountSummaryTest</td><td><a href="#m14">doclickOnChecking</a></td><td rowspan="1">1600190297234</td><td rowspan="1">1862</td></tr><tr class="passedodd"><td><a href="#m15">doclickOnSavings</a></td><td rowspan="1">1600190279635</td><td rowspan="1">1873</td></tr><tr class="passedeven"><td rowspan="8">com.zeroBank.qa.TestCases.HomePageTest</td><td><a href="#m16">doClickOnAccActivity</a></td><td rowspan="1">1600190188359</td><td rowspan="1">2322</td></tr><tr class="passedeven"><td><a href="#m17">doClickOnFeedBack</a></td><td rowspan="1">1600190157363</td><td rowspan="1">2525</td></tr><tr class="passedeven"><td><a href="#m18">doClickOnMyMoneyMap</a></td><td rowspan="1">1600190212200</td><td rowspan="1">955</td></tr><tr class="passedeven"><td><a href="#m19">doClickOnOnlineBanking</a></td><td rowspan="1">1600190139803</td><td rowspan="1">2554</td></tr><tr class="passedeven"><td><a href="#m20">doClickOnTransferFund</a></td><td rowspan="1">1600190201440</td><td rowspan="1">941</td></tr><tr class="passedeven"><td><a href="#m21">doclickOnMoreServices</a></td><td rowspan="1">1600190172532</td><td rowspan="1">3632</td></tr><tr class="passedeven"><td><a href="#m22">verifyHomePageTitle</a></td><td rowspan="1">1600190114115</td><td rowspan="1">48</td></tr><tr class="passedeven"><td><a href="#m23">verifySigninBtn</a></td><td rowspan="1">1600190125749</td><td rowspan="1">574</td></tr><tr class="passedodd"><td rowspan="4">com.zeroBank.qa.TestCases.LoginPageTest</td><td><a href="#m24">verifyForgotPasswordTest</a></td><td rowspan="1">1600190262257</td><td rowspan="1">2301</td></tr><tr class="passedodd"><td><a href="#m25">verifyLoginPageTitle</a></td><td rowspan="1">1600190223341</td><td rowspan="1">20</td></tr><tr class="passedodd"><td><a href="#m26">verifyLoginTest</a></td><td rowspan="1">1600190233146</td><td rowspan="1">4286</td></tr><tr class="passedodd"><td><a href="#m27">verifyWrongLoginTest</a></td><td rowspan="1">1600190248207</td><td rowspan="1">1975</td></tr><tr class="passedeven"><td rowspan="2">com.zeroBank.qa.TestCases.MyMoneyMapTest</td><td><a href="#m28">verifyChooseAccType</a></td><td rowspan="1">1600190731964</td><td rowspan="1">2702</td></tr><tr class="passedeven"><td><a href="#m29">verifyMYMoneyMapTitle</a></td><td rowspan="1">1600190710080</td><td rowspan="1">7196</td></tr><tr class="passedodd"><td rowspan="2">com.zeroBank.qa.TestCases.OnlineStatementsTest</td><td><a href="#m30">clickOnYear</a></td><td rowspan="1">1600190766568</td><td rowspan="1">427</td></tr><tr class="passedodd"><td><a href="#m31">verifyOnlineStatementTitle</a></td><td rowspan="1">1600190751153</td><td rowspan="1">13</td></tr><tr class="passedeven"><td rowspan="4">com.zeroBank.qa.TestCases.PayBillsTest</td><td><a href="#m32">verifPurchaseForeignCurrency</a></td><td rowspan="1">1600190683613</td><td rowspan="1">3563</td></tr><tr class="passedeven"><td><a href="#m33">verifyAddNewPayee</a></td><td rowspan="1">1600190652953</td><td rowspan="1">3085</td></tr><tr class="passedeven"><td><a href="#m34">verifyPayBillsPageTitle</a></td><td rowspan="1">1600190552570</td><td rowspan="1">11</td></tr><tr class="passedeven"><td><a href="#m35">verifyPaySavedPayee</a></td><td rowspan="1">1600190608106</td><td rowspan="1">3775</td></tr></tbody>
</table>
<h2>Free ZeroBank App Test Cases</h2><h3 id="m0">com.zeroBank.qa.TestCases.AccountActivityTest#setUp</h3><table class="result"><tr><th>Exception</th></tr><tr><td><div class="stacktrace">org.openqa.selenium.NoSuchElementException: no such element: Unable to locate element: {&quot;method&quot;:&quot;xpath&quot;,&quot;selector&quot;:&quot;//a[contains(text(),&apos;Account Activity&apos;)]&quot;}
  (Session info: chrome=85.0.4183.102)
For documentation on this error, please visit: https://www.seleniumhq.org/exceptions/no_such_element.html
Build info: version: &apos;3.141.59&apos;, revision: &apos;e82be7d358&apos;, time: &apos;2018-11-14T08:17:03&apos;
System info: host: &apos;URMILA&apos;, ip: &apos;192.168.43.60&apos;, os.name: &apos;Windows 10&apos;, os.arch: &apos;amd64&apos;, os.version: &apos;10.0&apos;, java.version: &apos;1.8.0_261&apos;
Driver info: org.openqa.selenium.chrome.ChromeDriver
Capabilities {acceptInsecureCerts: false, browserName: chrome, browserVersion: 85.0.4183.102, chrome: {chromedriverVersion: 85.0.4183.83 (94abc2237ae0c..., userDataDir: C:\Users\Lenovo\AppData\Loc...}, goog:chromeOptions: {debuggerAddress: localhost:51653}, javascriptEnabled: true, networkConnectionEnabled: false, pageLoadStrategy: normal, platform: WINDOWS, platformName: WINDOWS, proxy: Proxy(), setWindowRect: true, strictFileInteractability: false, timeouts: {implicit: 0, pageLoad: 300000, script: 30000}, unhandledPromptBehavior: dismiss and notify, webauthn:virtualAuthenticators: true}
Session ID: 533f305c64fd63e96b1bcc0ac76dc73f
*** Element info: {Using=xpath, value=//a[contains(text(),&apos;Account Activity&apos;)]}
	at org.openqa.selenium.remote.http.W3CHttpResponseCodec.createException(W3CHttpResponseCodec.java:187)
	at org.openqa.selenium.remote.http.W3CHttpResponseCodec.decode(W3CHttpResponseCodec.java:122)
	at org.openqa.selenium.remote.http.W3CHttpResponseCodec.decode(W3CHttpResponseCodec.java:49)
	at org.openqa.selenium.remote.HttpCommandExecutor.execute(HttpCommandExecutor.java:158)
	at org.openqa.selenium.remote.service.DriverCommandExecutor.execute(DriverCommandExecutor.java:83)
	at org.openqa.selenium.remote.RemoteWebDriver.execute(RemoteWebDriver.java:552)
	at org.openqa.selenium.remote.RemoteWebDriver.findElement(RemoteWebDriver.java:323)
	at org.openqa.selenium.remote.RemoteWebDriver.findElementByXPath(RemoteWebDriver.java:428)
	at org.openqa.selenium.By$ByXPath.findElement(By.java:353)
	at org.openqa.selenium.remote.RemoteWebDriver.findElement(RemoteWebDriver.java:315)
	at org.openqa.selenium.support.pagefactory.DefaultElementLocator.findElement(DefaultElementLocator.java:69)
	at org.openqa.selenium.support.pagefactory.internal.LocatingElementHandler.invoke(LocatingElementHandler.java:38)
	at com.sun.proxy.$Proxy9.click(Unknown Source)
	at com.zeroBank.qa.pages.AccountActivity.selectAccActivityTab(AccountActivity.java:33)
	at com.zeroBank.qa.TestCases.AccountActivityTest.setUp(AccountActivityTest.java:35)
	at java.util.ArrayList.forEach(Unknown Source)
... Removed 35 stack frames</div></td></tr></table><p class="totop"><a href="#summary">back to summary</a></p>
<h3 id="m1">com.zeroBank.qa.TestCases.TransferFundTest#setUp</h3><table class="result"><tr><th>Exception</th></tr><tr><td><div class="stacktrace">org.openqa.selenium.TimeoutException: timeout: Timed out receiving message from renderer: 8.395
  (Session info: chrome=85.0.4183.102)
Build info: version: &apos;3.141.59&apos;, revision: &apos;e82be7d358&apos;, time: &apos;2018-11-14T08:17:03&apos;
System info: host: &apos;URMILA&apos;, ip: &apos;192.168.43.60&apos;, os.name: &apos;Windows 10&apos;, os.arch: &apos;amd64&apos;, os.version: &apos;10.0&apos;, java.version: &apos;1.8.0_261&apos;
Driver info: org.openqa.selenium.chrome.ChromeDriver
Capabilities {acceptInsecureCerts: false, browserName: chrome, browserVersion: 85.0.4183.102, chrome: {chromedriverVersion: 85.0.4183.83 (94abc2237ae0c..., userDataDir: C:\Users\Lenovo\AppData\Loc...}, goog:chromeOptions: {debuggerAddress: localhost:51682}, javascriptEnabled: true, networkConnectionEnabled: false, pageLoadStrategy: normal, platform: WINDOWS, platformName: WINDOWS, proxy: Proxy(), setWindowRect: true, strictFileInteractability: false, timeouts: {implicit: 0, pageLoad: 300000, script: 30000}, unhandledPromptBehavior: dismiss and notify, webauthn:virtualAuthenticators: true}
Session ID: 16eb1e6455cd782b583ee5d6ffc4c1d6
	at org.openqa.selenium.remote.http.W3CHttpResponseCodec.createException(W3CHttpResponseCodec.java:187)
	at org.openqa.selenium.remote.http.W3CHttpResponseCodec.decode(W3CHttpResponseCodec.java:122)
	at org.openqa.selenium.remote.http.W3CHttpResponseCodec.decode(W3CHttpResponseCodec.java:49)
	at org.openqa.selenium.remote.HttpCommandExecutor.execute(HttpCommandExecutor.java:158)
	at org.openqa.selenium.remote.service.DriverCommandExecutor.execute(DriverCommandExecutor.java:83)
	at org.openqa.selenium.remote.RemoteWebDriver.execute(RemoteWebDriver.java:552)
	at org.openqa.selenium.remote.RemoteWebDriver.get(RemoteWebDriver.java:277)
	at com.zeroBank.qa.base.TestBase.initialization(TestBase.java:47)
	at com.zeroBank.qa.TestCases.TransferFundTest.setUp(TransferFundTest.java:28)
	at java.util.ArrayList.forEach(Unknown Source)
... Removed 35 stack frames</div></td></tr></table><p class="totop"><a href="#summary">back to summary</a></p>
<h3 id="m2">com.zeroBank.qa.TestCases.AccountActivityTest#tearDown</h3><table class="result"><tr><th class="invisible"/></tr></table><p class="totop"><a href="#summary">back to summary</a></p>
<h3 id="m3">com.zeroBank.qa.TestCases.TransferFundTest#setUp</h3><table class="result"><tr><th class="invisible"/></tr></table><p class="totop"><a href="#summary">back to summary</a></p>
<h3 id="m4">com.zeroBank.qa.TestCases.TransferFundTest#tearDown</h3><table class="result"><tr><th class="invisible"/></tr></table><p class="totop"><a href="#summary">back to summary</a></p>
<h3 id="m5">com.zeroBank.qa.TestCases.TransferFundTest#tearDown</h3><table class="result"><tr><th class="invisible"/></tr></table><p class="totop"><a href="#summary">back to summary</a></p>
<h3 id="m6">com.zeroBank.qa.TestCases.AccountActivityTest#verifyfindTransaction</h3><table class="result"><tr><th>Exception</th></tr><tr><td><div class="stacktrace">org.openqa.selenium.NoSuchElementException: no such element: Unable to locate element: {&quot;method&quot;:&quot;xpath&quot;,&quot;selector&quot;:&quot;//a[contains(text(),&apos;Account Activity&apos;)]&quot;}
  (Session info: chrome=85.0.4183.102)
For documentation on this error, please visit: https://www.seleniumhq.org/exceptions/no_such_element.html
Build info: version: &apos;3.141.59&apos;, revision: &apos;e82be7d358&apos;, time: &apos;2018-11-14T08:17:03&apos;
System info: host: &apos;URMILA&apos;, ip: &apos;192.168.43.60&apos;, os.name: &apos;Windows 10&apos;, os.arch: &apos;amd64&apos;, os.version: &apos;10.0&apos;, java.version: &apos;1.8.0_261&apos;
Driver info: org.openqa.selenium.chrome.ChromeDriver
Capabilities {acceptInsecureCerts: false, browserName: chrome, browserVersion: 85.0.4183.102, chrome: {chromedriverVersion: 85.0.4183.83 (94abc2237ae0c..., userDataDir: C:\Users\Lenovo\AppData\Loc...}, goog:chromeOptions: {debuggerAddress: localhost:51653}, javascriptEnabled: true, networkConnectionEnabled: false, pageLoadStrategy: normal, platform: WINDOWS, platformName: WINDOWS, proxy: Proxy(), setWindowRect: true, strictFileInteractability: false, timeouts: {implicit: 0, pageLoad: 300000, script: 30000}, unhandledPromptBehavior: dismiss and notify, webauthn:virtualAuthenticators: true}
Session ID: 533f305c64fd63e96b1bcc0ac76dc73f
*** Element info: {Using=xpath, value=//a[contains(text(),&apos;Account Activity&apos;)]}
	at org.openqa.selenium.remote.http.W3CHttpResponseCodec.createException(W3CHttpResponseCodec.java:187)
	at org.openqa.selenium.remote.http.W3CHttpResponseCodec.decode(W3CHttpResponseCodec.java:122)
	at org.openqa.selenium.remote.http.W3CHttpResponseCodec.decode(W3CHttpResponseCodec.java:49)
	at org.openqa.selenium.remote.HttpCommandExecutor.execute(HttpCommandExecutor.java:158)
	at org.openqa.selenium.remote.service.DriverCommandExecutor.execute(DriverCommandExecutor.java:83)
	at org.openqa.selenium.remote.RemoteWebDriver.execute(RemoteWebDriver.java:552)
	at org.openqa.selenium.remote.RemoteWebDriver.findElement(RemoteWebDriver.java:323)
	at org.openqa.selenium.remote.RemoteWebDriver.findElementByXPath(RemoteWebDriver.java:428)
	at org.openqa.selenium.By$ByXPath.findElement(By.java:353)
	at org.openqa.selenium.remote.RemoteWebDriver.findElement(RemoteWebDriver.java:315)
	at org.openqa.selenium.support.pagefactory.DefaultElementLocator.findElement(DefaultElementLocator.java:69)
	at org.openqa.selenium.support.pagefactory.internal.LocatingElementHandler.invoke(LocatingElementHandler.java:38)
	at com.sun.proxy.$Proxy9.click(Unknown Source)
	at com.zeroBank.qa.pages.AccountActivity.selectAccActivityTab(AccountActivity.java:33)
	at com.zeroBank.qa.TestCases.AccountActivityTest.setUp(AccountActivityTest.java:35)
	at java.util.ArrayList.forEach(Unknown Source)
... Removed 35 stack frames</div></td></tr></table><p class="totop"><a href="#summary">back to summary</a></p>
<h3 id="m7">com.zeroBank.qa.TestCases.TransferFundTest#verifyCheckingOption</h3><table class="result"><tr><th>Exception</th></tr><tr><td><div class="stacktrace">org.openqa.selenium.TimeoutException: timeout: Timed out receiving message from renderer: 8.395
  (Session info: chrome=85.0.4183.102)
Build info: version: &apos;3.141.59&apos;, revision: &apos;e82be7d358&apos;, time: &apos;2018-11-14T08:17:03&apos;
System info: host: &apos;URMILA&apos;, ip: &apos;192.168.43.60&apos;, os.name: &apos;Windows 10&apos;, os.arch: &apos;amd64&apos;, os.version: &apos;10.0&apos;, java.version: &apos;1.8.0_261&apos;
Driver info: org.openqa.selenium.chrome.ChromeDriver
Capabilities {acceptInsecureCerts: false, browserName: chrome, browserVersion: 85.0.4183.102, chrome: {chromedriverVersion: 85.0.4183.83 (94abc2237ae0c..., userDataDir: C:\Users\Lenovo\AppData\Loc...}, goog:chromeOptions: {debuggerAddress: localhost:51682}, javascriptEnabled: true, networkConnectionEnabled: false, pageLoadStrategy: normal, platform: WINDOWS, platformName: WINDOWS, proxy: Proxy(), setWindowRect: true, strictFileInteractability: false, timeouts: {implicit: 0, pageLoad: 300000, script: 30000}, unhandledPromptBehavior: dismiss and notify, webauthn:virtualAuthenticators: true}
Session ID: 16eb1e6455cd782b583ee5d6ffc4c1d6
	at org.openqa.selenium.remote.http.W3CHttpResponseCodec.createException(W3CHttpResponseCodec.java:187)
	at org.openqa.selenium.remote.http.W3CHttpResponseCodec.decode(W3CHttpResponseCodec.java:122)
	at org.openqa.selenium.remote.http.W3CHttpResponseCodec.decode(W3CHttpResponseCodec.java:49)
	at org.openqa.selenium.remote.HttpCommandExecutor.execute(HttpCommandExecutor.java:158)
	at org.openqa.selenium.remote.service.DriverCommandExecutor.execute(DriverCommandExecutor.java:83)
	at org.openqa.selenium.remote.RemoteWebDriver.execute(RemoteWebDriver.java:552)
	at org.openqa.selenium.remote.RemoteWebDriver.get(RemoteWebDriver.java:277)
	at com.zeroBank.qa.base.TestBase.initialization(TestBase.java:47)
	at com.zeroBank.qa.TestCases.TransferFundTest.setUp(TransferFundTest.java:28)
	at java.util.ArrayList.forEach(Unknown Source)
... Removed 35 stack frames</div></td></tr></table><p class="totop"><a href="#summary">back to summary</a></p>
<h3 id="m8">com.zeroBank.qa.TestCases.TransferFundTest#verifyTransferFundPageTitle</h3><table class="result"><tr><th>Exception</th></tr><tr><td><div class="stacktrace">org.openqa.selenium.TimeoutException: timeout: Timed out receiving message from renderer: 8.395
  (Session info: chrome=85.0.4183.102)
Build info: version: &apos;3.141.59&apos;, revision: &apos;e82be7d358&apos;, time: &apos;2018-11-14T08:17:03&apos;
System info: host: &apos;URMILA&apos;, ip: &apos;192.168.43.60&apos;, os.name: &apos;Windows 10&apos;, os.arch: &apos;amd64&apos;, os.version: &apos;10.0&apos;, java.version: &apos;1.8.0_261&apos;
Driver info: org.openqa.selenium.chrome.ChromeDriver
Capabilities {acceptInsecureCerts: false, browserName: chrome, browserVersion: 85.0.4183.102, chrome: {chromedriverVersion: 85.0.4183.83 (94abc2237ae0c..., userDataDir: C:\Users\Lenovo\AppData\Loc...}, goog:chromeOptions: {debuggerAddress: localhost:51682}, javascriptEnabled: true, networkConnectionEnabled: false, pageLoadStrategy: normal, platform: WINDOWS, platformName: WINDOWS, proxy: Proxy(), setWindowRect: true, strictFileInteractability: false, timeouts: {implicit: 0, pageLoad: 300000, script: 30000}, unhandledPromptBehavior: dismiss and notify, webauthn:virtualAuthenticators: true}
Session ID: 16eb1e6455cd782b583ee5d6ffc4c1d6
	at org.openqa.selenium.remote.http.W3CHttpResponseCodec.createException(W3CHttpResponseCodec.java:187)
	at org.openqa.selenium.remote.http.W3CHttpResponseCodec.decode(W3CHttpResponseCodec.java:122)
	at org.openqa.selenium.remote.http.W3CHttpResponseCodec.decode(W3CHttpResponseCodec.java:49)
	at org.openqa.selenium.remote.HttpCommandExecutor.execute(HttpCommandExecutor.java:158)
	at org.openqa.selenium.remote.service.DriverCommandExecutor.execute(DriverCommandExecutor.java:83)
	at org.openqa.selenium.remote.RemoteWebDriver.execute(RemoteWebDriver.java:552)
	at org.openqa.selenium.remote.RemoteWebDriver.get(RemoteWebDriver.java:277)
	at com.zeroBank.qa.base.TestBase.initialization(TestBase.java:47)
	at com.zeroBank.qa.TestCases.TransferFundTest.setUp(TransferFundTest.java:28)
	at java.util.ArrayList.forEach(Unknown Source)
... Removed 35 stack frames</div></td></tr></table><p class="totop"><a href="#summary">back to summary</a></p>
<h3 id="m9">com.zeroBank.qa.TestCases.AccountActivityTest#verifyCheckingOption</h3><table class="result"><tr><th class="invisible"/></tr></table><p class="totop"><a href="#summary">back to summary</a></p>
<h3 id="m10">com.zeroBank.qa.TestCases.AccountActivityTest#verifyCreditCardOption</h3><table class="result"><tr><th class="invisible"/></tr></table><p class="totop"><a href="#summary">back to summary</a></p>
<h3 id="m11">com.zeroBank.qa.TestCases.AccountActivityTest#verifyLoanOption</h3><table class="result"><tr><th class="invisible"/></tr></table><p class="totop"><a href="#summary">back to summary</a></p>
<h3 id="m12">com.zeroBank.qa.TestCases.AccountActivityTest#verifySavingsOption</h3><table class="result"><tr><th class="invisible"/></tr></table><p class="totop"><a href="#summary">back to summary</a></p>
<h3 id="m13">com.zeroBank.qa.TestCases.AccountActivityTest#verifybrokerageOption</h3><table class="result"><tr><th class="invisible"/></tr></table><p class="totop"><a href="#summary">back to summary</a></p>
<h3 id="m14">com.zeroBank.qa.TestCases.AccountSummaryTest#doclickOnChecking</h3><table class="result"><tr><th class="invisible"/></tr></table><p class="totop"><a href="#summary">back to summary</a></p>
<h3 id="m15">com.zeroBank.qa.TestCases.AccountSummaryTest#doclickOnSavings</h3><table class="result"><tr><th class="invisible"/></tr></table><p class="totop"><a href="#summary">back to summary</a></p>
<h3 id="m16">com.zeroBank.qa.TestCases.HomePageTest#doClickOnAccActivity</h3><table class="result"><tr><th class="invisible"/></tr></table><p class="totop"><a href="#summary">back to summary</a></p>
<h3 id="m17">com.zeroBank.qa.TestCases.HomePageTest#doClickOnFeedBack</h3><table class="result"><tr><th class="invisible"/></tr></table><p class="totop"><a href="#summary">back to summary</a></p>
<h3 id="m18">com.zeroBank.qa.TestCases.HomePageTest#doClickOnMyMoneyMap</h3><table class="result"><tr><th class="invisible"/></tr></table><p class="totop"><a href="#summary">back to summary</a></p>
<h3 id="m19">com.zeroBank.qa.TestCases.HomePageTest#doClickOnOnlineBanking</h3><table class="result"><tr><th class="invisible"/></tr></table><p class="totop"><a href="#summary">back to summary</a></p>
<h3 id="m20">com.zeroBank.qa.TestCases.HomePageTest#doClickOnTransferFund</h3><table class="result"><tr><th class="invisible"/></tr></table><p class="totop"><a href="#summary">back to summary</a></p>
<h3 id="m21">com.zeroBank.qa.TestCases.HomePageTest#doclickOnMoreServices</h3><table class="result"><tr><th class="invisible"/></tr></table><p class="totop"><a href="#summary">back to summary</a></p>
<h3 id="m22">com.zeroBank.qa.TestCases.HomePageTest#verifyHomePageTitle</h3><table class="result"><tr><th class="invisible"/></tr></table><p class="totop"><a href="#summary">back to summary</a></p>
<h3 id="m23">com.zeroBank.qa.TestCases.HomePageTest#verifySigninBtn</h3><table class="result"><tr><th class="invisible"/></tr></table><p class="totop"><a href="#summary">back to summary</a></p>
<h3 id="m24">com.zeroBank.qa.TestCases.LoginPageTest#verifyForgotPasswordTest</h3><table class="result"><tr><th class="invisible"/></tr></table><p class="totop"><a href="#summary">back to summary</a></p>
<h3 id="m25">com.zeroBank.qa.TestCases.LoginPageTest#verifyLoginPageTitle</h3><table class="result"><tr><th class="invisible"/></tr></table><p class="totop"><a href="#summary">back to summary</a></p>
<h3 id="m26">com.zeroBank.qa.TestCases.LoginPageTest#verifyLoginTest</h3><table class="result"><tr><th class="invisible"/></tr></table><p class="totop"><a href="#summary">back to summary</a></p>
<h3 id="m27">com.zeroBank.qa.TestCases.LoginPageTest#verifyWrongLoginTest</h3><table class="result"><tr><th class="invisible"/></tr></table><p class="totop"><a href="#summary">back to summary</a></p>
<h3 id="m28">com.zeroBank.qa.TestCases.MyMoneyMapTest#verifyChooseAccType</h3><table class="result"><tr><th class="invisible"/></tr></table><p class="totop"><a href="#summary">back to summary</a></p>
<h3 id="m29">com.zeroBank.qa.TestCases.MyMoneyMapTest#verifyMYMoneyMapTitle</h3><table class="result"><tr><th class="invisible"/></tr></table><p class="totop"><a href="#summary">back to summary</a></p>
<h3 id="m30">com.zeroBank.qa.TestCases.OnlineStatementsTest#clickOnYear</h3><table class="result"><tr><th class="invisible"/></tr></table><p class="totop"><a href="#summary">back to summary</a></p>
<h3 id="m31">com.zeroBank.qa.TestCases.OnlineStatementsTest#verifyOnlineStatementTitle</h3><table class="result"><tr><th class="invisible"/></tr></table><p class="totop"><a href="#summary">back to summary</a></p>
<h3 id="m32">com.zeroBank.qa.TestCases.PayBillsTest#verifPurchaseForeignCurrency</h3><table class="result"><tr><th class="invisible"/></tr></table><p class="totop"><a href="#summary">back to summary</a></p>
<h3 id="m33">com.zeroBank.qa.TestCases.PayBillsTest#verifyAddNewPayee</h3><table class="result"><tr><th class="invisible"/></tr></table><p class="totop"><a href="#summary">back to summary</a></p>
<h3 id="m34">com.zeroBank.qa.TestCases.PayBillsTest#verifyPayBillsPageTitle</h3><table class="result"><tr><th class="invisible"/></tr></table><p class="totop"><a href="#summary">back to summary</a></p>
<h3 id="m35">com.zeroBank.qa.TestCases.PayBillsTest#verifyPaySavedPayee</h3><table class="result"><tr><th class="invisible"/></tr></table><p class="totop"><a href="#summary">back to summary</a></p>
</body>
</html>
