<?xml version="1.0" encoding="UTF-8"?>
<testng-results skipped="3" failed="0" ignored="0" total="30" passed="27">
  <reporter-output>
  </reporter-output>
  <suite name="FREE ZeroBank Application Test Automation Test Suite" duration-ms="678469" started-at="2020-09-15T22:44:49 IST" finished-at="2020-09-15T22:56:07 IST">
    <groups>
    </groups>
    <test name="Free ZeroBank App Test Cases" duration-ms="678469" started-at="2020-09-15T22:44:49 IST" finished-at="2020-09-15T22:56:07 IST">
      <class name="com.zeroBank.qa.TestCases.LoginPageTest">
        <test-method status="PASS" signature="setUp()[pri:0, instance:com.zeroBank.qa.TestCases.LoginPageTest@1877ab81]" name="setUp" is-config="true" duration-ms="9445" started-at="2020-09-15T22:46:53 IST" finished-at="2020-09-15T22:47:03 IST">
          <reporter-output>
          </reporter-output>
        </test-method> <!-- setUp -->
        <test-method status="PASS" signature="verifyLoginPageTitle()[pri:0, instance:com.zeroBank.qa.TestCases.LoginPageTest@1877ab81]" name="verifyLoginPageTitle" duration-ms="20" started-at="2020-09-15T22:47:03 IST" finished-at="2020-09-15T22:47:03 IST">
          <reporter-output>
          </reporter-output>
        </test-method> <!-- verifyLoginPageTitle -->
        <test-method status="PASS" signature="tearDown()[pri:0, instance:com.zeroBank.qa.TestCases.LoginPageTest@1877ab81]" name="tearDown" is-config="true" duration-ms="746" started-at="2020-09-15T22:47:03 IST" finished-at="2020-09-15T22:47:04 IST">
          <reporter-output>
          </reporter-output>
        </test-method> <!-- tearDown -->
        <test-method status="PASS" signature="setUp()[pri:0, instance:com.zeroBank.qa.TestCases.LoginPageTest@1877ab81]" name="setUp" is-config="true" duration-ms="9036" started-at="2020-09-15T22:47:04 IST" finished-at="2020-09-15T22:47:13 IST">
          <reporter-output>
          </reporter-output>
        </test-method> <!-- setUp -->
        <test-method status="PASS" signature="verifyLoginTest()[pri:1, instance:com.zeroBank.qa.TestCases.LoginPageTest@1877ab81]" name="verifyLoginTest" duration-ms="4286" started-at="2020-09-15T22:47:13 IST" finished-at="2020-09-15T22:47:17 IST">
          <reporter-output>
          </reporter-output>
        </test-method> <!-- verifyLoginTest -->
        <test-method status="PASS" signature="tearDown()[pri:0, instance:com.zeroBank.qa.TestCases.LoginPageTest@1877ab81]" name="tearDown" is-config="true" duration-ms="795" started-at="2020-09-15T22:47:17 IST" finished-at="2020-09-15T22:47:18 IST">
          <reporter-output>
          </reporter-output>
        </test-method> <!-- tearDown -->
        <test-method status="PASS" signature="setUp()[pri:0, instance:com.zeroBank.qa.TestCases.LoginPageTest@1877ab81]" name="setUp" is-config="true" duration-ms="9978" started-at="2020-09-15T22:47:18 IST" finished-at="2020-09-15T22:47:28 IST">
          <reporter-output>
          </reporter-output>
        </test-method> <!-- setUp -->
        <test-method status="PASS" signature="verifyWrongLoginTest()[pri:2, instance:com.zeroBank.qa.TestCases.LoginPageTest@1877ab81]" name="verifyWrongLoginTest" duration-ms="1975" started-at="2020-09-15T22:47:28 IST" finished-at="2020-09-15T22:47:30 IST">
          <reporter-output>
          </reporter-output>
        </test-method> <!-- verifyWrongLoginTest -->
        <test-method status="PASS" signature="tearDown()[pri:0, instance:com.zeroBank.qa.TestCases.LoginPageTest@1877ab81]" name="tearDown" is-config="true" duration-ms="1254" started-at="2020-09-15T22:47:30 IST" finished-at="2020-09-15T22:47:31 IST">
          <reporter-output>
          </reporter-output>
        </test-method> <!-- tearDown -->
        <test-method status="PASS" signature="setUp()[pri:0, instance:com.zeroBank.qa.TestCases.LoginPageTest@1877ab81]" name="setUp" is-config="true" duration-ms="10819" started-at="2020-09-15T22:47:31 IST" finished-at="2020-09-15T22:47:42 IST">
          <reporter-output>
          </reporter-output>
        </test-method> <!-- setUp -->
        <test-method status="PASS" signature="verifyForgotPasswordTest()[pri:3, instance:com.zeroBank.qa.TestCases.LoginPageTest@1877ab81]" name="verifyForgotPasswordTest" duration-ms="2301" started-at="2020-09-15T22:47:42 IST" finished-at="2020-09-15T22:47:44 IST">
          <reporter-output>
          </reporter-output>
        </test-method> <!-- verifyForgotPasswordTest -->
        <test-method status="PASS" signature="tearDown()[pri:0, instance:com.zeroBank.qa.TestCases.LoginPageTest@1877ab81]" name="tearDown" is-config="true" duration-ms="813" started-at="2020-09-15T22:47:44 IST" finished-at="2020-09-15T22:47:45 IST">
          <reporter-output>
          </reporter-output>
        </test-method> <!-- tearDown -->
      </class> <!-- com.zeroBank.qa.TestCases.LoginPageTest -->
      <class name="com.zeroBank.qa.TestCases.HomePageTest">
        <test-method status="PASS" signature="setUp()[pri:0, instance:com.zeroBank.qa.TestCases.HomePageTest@4232c52b]" name="setUp" is-config="true" duration-ms="24836" started-at="2020-09-15T22:44:49 IST" finished-at="2020-09-15T22:45:14 IST">
          <reporter-output>
          </reporter-output>
        </test-method> <!-- setUp -->
        <test-method status="PASS" signature="verifyHomePageTitle()[pri:0, instance:com.zeroBank.qa.TestCases.HomePageTest@4232c52b]" name="verifyHomePageTitle" duration-ms="48" started-at="2020-09-15T22:45:14 IST" finished-at="2020-09-15T22:45:14 IST">
          <reporter-output>
          </reporter-output>
        </test-method> <!-- verifyHomePageTitle -->
        <test-method status="PASS" signature="tearDown()[pri:0, instance:com.zeroBank.qa.TestCases.HomePageTest@4232c52b]" name="tearDown" is-config="true" duration-ms="990" started-at="2020-09-15T22:45:14 IST" finished-at="2020-09-15T22:45:15 IST">
          <reporter-output>
          </reporter-output>
        </test-method> <!-- tearDown -->
        <test-method status="PASS" signature="setUp()[pri:0, instance:com.zeroBank.qa.TestCases.HomePageTest@4232c52b]" name="setUp" is-config="true" duration-ms="10587" started-at="2020-09-15T22:45:15 IST" finished-at="2020-09-15T22:45:25 IST">
          <reporter-output>
          </reporter-output>
        </test-method> <!-- setUp -->
        <test-method status="PASS" signature="verifySigninBtn()[pri:0, instance:com.zeroBank.qa.TestCases.HomePageTest@4232c52b]" name="verifySigninBtn" duration-ms="574" started-at="2020-09-15T22:45:25 IST" finished-at="2020-09-15T22:45:26 IST">
          <reporter-output>
          </reporter-output>
        </test-method> <!-- verifySigninBtn -->
        <test-method status="PASS" signature="tearDown()[pri:0, instance:com.zeroBank.qa.TestCases.HomePageTest@4232c52b]" name="tearDown" is-config="true" duration-ms="763" started-at="2020-09-15T22:45:26 IST" finished-at="2020-09-15T22:45:27 IST">
          <reporter-output>
          </reporter-output>
        </test-method> <!-- tearDown -->
        <test-method status="PASS" signature="setUp()[pri:0, instance:com.zeroBank.qa.TestCases.HomePageTest@4232c52b]" name="setUp" is-config="true" duration-ms="12714" started-at="2020-09-15T22:45:27 IST" finished-at="2020-09-15T22:45:39 IST">
          <reporter-output>
          </reporter-output>
        </test-method> <!-- setUp -->
        <test-method status="PASS" signature="doClickOnOnlineBanking()[pri:1, instance:com.zeroBank.qa.TestCases.HomePageTest@4232c52b]" name="doClickOnOnlineBanking" duration-ms="2554" started-at="2020-09-15T22:45:39 IST" finished-at="2020-09-15T22:45:42 IST">
          <reporter-output>
          </reporter-output>
        </test-method> <!-- doClickOnOnlineBanking -->
        <test-method status="PASS" signature="tearDown()[pri:0, instance:com.zeroBank.qa.TestCases.HomePageTest@4232c52b]" name="tearDown" is-config="true" duration-ms="1219" started-at="2020-09-15T22:45:42 IST" finished-at="2020-09-15T22:45:43 IST">
          <reporter-output>
          </reporter-output>
        </test-method> <!-- tearDown -->
        <test-method status="PASS" signature="setUp()[pri:0, instance:com.zeroBank.qa.TestCases.HomePageTest@4232c52b]" name="setUp" is-config="true" duration-ms="13781" started-at="2020-09-15T22:45:43 IST" finished-at="2020-09-15T22:45:57 IST">
          <reporter-output>
          </reporter-output>
        </test-method> <!-- setUp -->
        <test-method status="PASS" signature="doClickOnFeedBack()[pri:2, instance:com.zeroBank.qa.TestCases.HomePageTest@4232c52b]" name="doClickOnFeedBack" duration-ms="2525" started-at="2020-09-15T22:45:57 IST" finished-at="2020-09-15T22:45:59 IST">
          <reporter-output>
          </reporter-output>
        </test-method> <!-- doClickOnFeedBack -->
        <test-method status="PASS" signature="tearDown()[pri:0, instance:com.zeroBank.qa.TestCases.HomePageTest@4232c52b]" name="tearDown" is-config="true" duration-ms="901" started-at="2020-09-15T22:45:59 IST" finished-at="2020-09-15T22:46:00 IST">
          <reporter-output>
          </reporter-output>
        </test-method> <!-- tearDown -->
        <test-method status="PASS" signature="setUp()[pri:0, instance:com.zeroBank.qa.TestCases.HomePageTest@4232c52b]" name="setUp" is-config="true" duration-ms="11737" started-at="2020-09-15T22:46:00 IST" finished-at="2020-09-15T22:46:12 IST">
          <reporter-output>
          </reporter-output>
        </test-method> <!-- setUp -->
        <test-method status="PASS" signature="doclickOnMoreServices()[pri:3, instance:com.zeroBank.qa.TestCases.HomePageTest@4232c52b]" name="doclickOnMoreServices" duration-ms="3632" started-at="2020-09-15T22:46:12 IST" finished-at="2020-09-15T22:46:16 IST">
          <reporter-output>
          </reporter-output>
        </test-method> <!-- doclickOnMoreServices -->
        <test-method status="PASS" signature="tearDown()[pri:0, instance:com.zeroBank.qa.TestCases.HomePageTest@4232c52b]" name="tearDown" is-config="true" duration-ms="787" started-at="2020-09-15T22:46:16 IST" finished-at="2020-09-15T22:46:16 IST">
          <reporter-output>
          </reporter-output>
        </test-method> <!-- tearDown -->
        <test-method status="PASS" signature="setUp()[pri:0, instance:com.zeroBank.qa.TestCases.HomePageTest@4232c52b]" name="setUp" is-config="true" duration-ms="11401" started-at="2020-09-15T22:46:16 IST" finished-at="2020-09-15T22:46:28 IST">
          <reporter-output>
          </reporter-output>
        </test-method> <!-- setUp -->
        <test-method status="PASS" signature="doClickOnAccActivity()[pri:4, instance:com.zeroBank.qa.TestCases.HomePageTest@4232c52b]" name="doClickOnAccActivity" duration-ms="2322" started-at="2020-09-15T22:46:28 IST" finished-at="2020-09-15T22:46:30 IST">
          <reporter-output>
          </reporter-output>
        </test-method> <!-- doClickOnAccActivity -->
        <test-method status="PASS" signature="tearDown()[pri:0, instance:com.zeroBank.qa.TestCases.HomePageTest@4232c52b]" name="tearDown" is-config="true" duration-ms="1274" started-at="2020-09-15T22:46:30 IST" finished-at="2020-09-15T22:46:31 IST">
          <reporter-output>
          </reporter-output>
        </test-method> <!-- tearDown -->
        <test-method status="PASS" signature="setUp()[pri:0, instance:com.zeroBank.qa.TestCases.HomePageTest@4232c52b]" name="setUp" is-config="true" duration-ms="9481" started-at="2020-09-15T22:46:31 IST" finished-at="2020-09-15T22:46:41 IST">
          <reporter-output>
          </reporter-output>
        </test-method> <!-- setUp -->
        <test-method status="PASS" signature="doClickOnTransferFund()[pri:5, instance:com.zeroBank.qa.TestCases.HomePageTest@4232c52b]" name="doClickOnTransferFund" duration-ms="941" started-at="2020-09-15T22:46:41 IST" finished-at="2020-09-15T22:46:42 IST">
          <reporter-output>
          </reporter-output>
        </test-method> <!-- doClickOnTransferFund -->
        <test-method status="PASS" signature="tearDown()[pri:0, instance:com.zeroBank.qa.TestCases.HomePageTest@4232c52b]" name="tearDown" is-config="true" duration-ms="758" started-at="2020-09-15T22:46:42 IST" finished-at="2020-09-15T22:46:43 IST">
          <reporter-output>
          </reporter-output>
        </test-method> <!-- tearDown -->
        <test-method status="PASS" signature="setUp()[pri:0, instance:com.zeroBank.qa.TestCases.HomePageTest@4232c52b]" name="setUp" is-config="true" duration-ms="9057" started-at="2020-09-15T22:46:43 IST" finished-at="2020-09-15T22:46:52 IST">
          <reporter-output>
          </reporter-output>
        </test-method> <!-- setUp -->
        <test-method status="PASS" signature="doClickOnMyMoneyMap()[pri:6, instance:com.zeroBank.qa.TestCases.HomePageTest@4232c52b]" name="doClickOnMyMoneyMap" duration-ms="955" started-at="2020-09-15T22:46:52 IST" finished-at="2020-09-15T22:46:53 IST">
          <reporter-output>
          </reporter-output>
        </test-method> <!-- doClickOnMyMoneyMap -->
        <test-method status="PASS" signature="tearDown()[pri:0, instance:com.zeroBank.qa.TestCases.HomePageTest@4232c52b]" name="tearDown" is-config="true" duration-ms="736" started-at="2020-09-15T22:46:53 IST" finished-at="2020-09-15T22:46:53 IST">
          <reporter-output>
          </reporter-output>
        </test-method> <!-- tearDown -->
      </class> <!-- com.zeroBank.qa.TestCases.HomePageTest -->
      <class name="com.zeroBank.qa.TestCases.TransferFundTest">
        <test-method status="FAIL" signature="setUp()[pri:0, instance:com.zeroBank.qa.TestCases.TransferFundTest@11438d26]" name="setUp" is-config="true" duration-ms="59791" started-at="2020-09-15T22:51:02 IST" finished-at="2020-09-15T22:52:02 IST">
          <exception class="org.openqa.selenium.TimeoutException">
            <message>
              <![CDATA[timeout: Timed out receiving message from renderer: 8.395
  (Session info: chrome=85.0.4183.102)
Build info: version: '3.141.59', revision: 'e82be7d358', time: '2018-11-14T08:17:03'
System info: host: 'URMILA', ip: '192.168.43.60', os.name: 'Windows 10', os.arch: 'amd64', os.version: '10.0', java.version: '1.8.0_261'
Driver info: org.openqa.selenium.chrome.ChromeDriver
Capabilities {acceptInsecureCerts: false, browserName: chrome, browserVersion: 85.0.4183.102, chrome: {chromedriverVersion: 85.0.4183.83 (94abc2237ae0c..., userDataDir: C:\Users\Lenovo\AppData\Loc...}, goog:chromeOptions: {debuggerAddress: localhost:51682}, javascriptEnabled: true, networkConnectionEnabled: false, pageLoadStrategy: normal, platform: WINDOWS, platformName: WINDOWS, proxy: Proxy(), setWindowRect: true, strictFileInteractability: false, timeouts: {implicit: 0, pageLoad: 300000, script: 30000}, unhandledPromptBehavior: dismiss and notify, webauthn:virtualAuthenticators: true}
Session ID: 16eb1e6455cd782b583ee5d6ffc4c1d6]]>
            </message>
            <full-stacktrace>
              <![CDATA[org.openqa.selenium.TimeoutException: timeout: Timed out receiving message from renderer: 8.395
  (Session info: chrome=85.0.4183.102)
Build info: version: '3.141.59', revision: 'e82be7d358', time: '2018-11-14T08:17:03'
System info: host: 'URMILA', ip: '192.168.43.60', os.name: 'Windows 10', os.arch: 'amd64', os.version: '10.0', java.version: '1.8.0_261'
Driver info: org.openqa.selenium.chrome.ChromeDriver
Capabilities {acceptInsecureCerts: false, browserName: chrome, browserVersion: 85.0.4183.102, chrome: {chromedriverVersion: 85.0.4183.83 (94abc2237ae0c..., userDataDir: C:\Users\Lenovo\AppData\Loc...}, goog:chromeOptions: {debuggerAddress: localhost:51682}, javascriptEnabled: true, networkConnectionEnabled: false, pageLoadStrategy: normal, platform: WINDOWS, platformName: WINDOWS, proxy: Proxy(), setWindowRect: true, strictFileInteractability: false, timeouts: {implicit: 0, pageLoad: 300000, script: 30000}, unhandledPromptBehavior: dismiss and notify, webauthn:virtualAuthenticators: true}
Session ID: 16eb1e6455cd782b583ee5d6ffc4c1d6
at sun.reflect.NativeConstructorAccessorImpl.newInstance0(Native Method)
at sun.reflect.NativeConstructorAccessorImpl.newInstance(Unknown Source)
at sun.reflect.DelegatingConstructorAccessorImpl.newInstance(Unknown Source)
at java.lang.reflect.Constructor.newInstance(Unknown Source)
at org.openqa.selenium.remote.http.W3CHttpResponseCodec.createException(W3CHttpResponseCodec.java:187)
at org.openqa.selenium.remote.http.W3CHttpResponseCodec.decode(W3CHttpResponseCodec.java:122)
at org.openqa.selenium.remote.http.W3CHttpResponseCodec.decode(W3CHttpResponseCodec.java:49)
at org.openqa.selenium.remote.HttpCommandExecutor.execute(HttpCommandExecutor.java:158)
at org.openqa.selenium.remote.service.DriverCommandExecutor.execute(DriverCommandExecutor.java:83)
at org.openqa.selenium.remote.RemoteWebDriver.execute(RemoteWebDriver.java:552)
at org.openqa.selenium.remote.RemoteWebDriver.get(RemoteWebDriver.java:277)
at com.zeroBank.qa.base.TestBase.initialization(TestBase.java:47)
at com.zeroBank.qa.TestCases.TransferFundTest.setUp(TransferFundTest.java:28)
at sun.reflect.NativeMethodAccessorImpl.invoke0(Native Method)
at sun.reflect.NativeMethodAccessorImpl.invoke(Unknown Source)
at sun.reflect.DelegatingMethodAccessorImpl.invoke(Unknown Source)
at java.lang.reflect.Method.invoke(Unknown Source)
at org.testng.internal.MethodInvocationHelper.invokeMethod(MethodInvocationHelper.java:132)
at org.testng.internal.MethodInvocationHelper.invokeMethodConsideringTimeout(MethodInvocationHelper.java:61)
at org.testng.internal.ConfigInvoker.invokeConfigurationMethod(ConfigInvoker.java:366)
at org.testng.internal.ConfigInvoker.invokeConfigurations(ConfigInvoker.java:320)
at org.testng.internal.TestInvoker.runConfigMethods(TestInvoker.java:701)
at org.testng.internal.TestInvoker.invokeMethod(TestInvoker.java:527)
at org.testng.internal.TestInvoker.invokeTestMethod(TestInvoker.java:174)
at org.testng.internal.MethodRunner.runInSequence(MethodRunner.java:46)
at org.testng.internal.TestInvoker$MethodInvocationAgent.invoke(TestInvoker.java:822)
at org.testng.internal.TestInvoker.invokeTestMethods(TestInvoker.java:147)
at org.testng.internal.TestMethodWorker.invokeTestMethods(TestMethodWorker.java:146)
at org.testng.internal.TestMethodWorker.run(TestMethodWorker.java:128)
at java.util.ArrayList.forEach(Unknown Source)
at org.testng.TestRunner.privateRun(TestRunner.java:764)
at org.testng.TestRunner.run(TestRunner.java:585)
at org.testng.SuiteRunner.runTest(SuiteRunner.java:384)
at org.testng.SuiteRunner.runSequentially(SuiteRunner.java:378)
at org.testng.SuiteRunner.privateRun(SuiteRunner.java:337)
at org.testng.SuiteRunner.run(SuiteRunner.java:286)
at org.testng.SuiteRunnerWorker.runSuite(SuiteRunnerWorker.java:53)
at org.testng.SuiteRunnerWorker.run(SuiteRunnerWorker.java:96)
at org.testng.TestNG.runSuitesSequentially(TestNG.java:1218)
at org.testng.TestNG.runSuitesLocally(TestNG.java:1140)
at org.testng.TestNG.runSuites(TestNG.java:1069)
at org.testng.TestNG.run(TestNG.java:1037)
at org.testng.remote.AbstractRemoteTestNG.run(AbstractRemoteTestNG.java:115)
at org.testng.remote.RemoteTestNG.initAndRun(RemoteTestNG.java:251)
at org.testng.remote.RemoteTestNG.main(RemoteTestNG.java:77)
]]>
            </full-stacktrace>
          </exception> <!-- org.openqa.selenium.TimeoutException -->
          <reporter-output>
          </reporter-output>
        </test-method> <!-- setUp -->
        <test-method status="SKIP" signature="verifyTransferFundPageTitle()[pri:1, instance:com.zeroBank.qa.TestCases.TransferFundTest@11438d26]" name="verifyTransferFundPageTitle" duration-ms="0" started-at="2020-09-15T22:52:02 IST" finished-at="2020-09-15T22:52:02 IST">
          <exception class="org.openqa.selenium.TimeoutException">
            <message>
              <![CDATA[timeout: Timed out receiving message from renderer: 8.395
  (Session info: chrome=85.0.4183.102)
Build info: version: '3.141.59', revision: 'e82be7d358', time: '2018-11-14T08:17:03'
System info: host: 'URMILA', ip: '192.168.43.60', os.name: 'Windows 10', os.arch: 'amd64', os.version: '10.0', java.version: '1.8.0_261'
Driver info: org.openqa.selenium.chrome.ChromeDriver
Capabilities {acceptInsecureCerts: false, browserName: chrome, browserVersion: 85.0.4183.102, chrome: {chromedriverVersion: 85.0.4183.83 (94abc2237ae0c..., userDataDir: C:\Users\Lenovo\AppData\Loc...}, goog:chromeOptions: {debuggerAddress: localhost:51682}, javascriptEnabled: true, networkConnectionEnabled: false, pageLoadStrategy: normal, platform: WINDOWS, platformName: WINDOWS, proxy: Proxy(), setWindowRect: true, strictFileInteractability: false, timeouts: {implicit: 0, pageLoad: 300000, script: 30000}, unhandledPromptBehavior: dismiss and notify, webauthn:virtualAuthenticators: true}
Session ID: 16eb1e6455cd782b583ee5d6ffc4c1d6]]>
            </message>
            <full-stacktrace>
              <![CDATA[org.openqa.selenium.TimeoutException: timeout: Timed out receiving message from renderer: 8.395
  (Session info: chrome=85.0.4183.102)
Build info: version: '3.141.59', revision: 'e82be7d358', time: '2018-11-14T08:17:03'
System info: host: 'URMILA', ip: '192.168.43.60', os.name: 'Windows 10', os.arch: 'amd64', os.version: '10.0', java.version: '1.8.0_261'
Driver info: org.openqa.selenium.chrome.ChromeDriver
Capabilities {acceptInsecureCerts: false, browserName: chrome, browserVersion: 85.0.4183.102, chrome: {chromedriverVersion: 85.0.4183.83 (94abc2237ae0c..., userDataDir: C:\Users\Lenovo\AppData\Loc...}, goog:chromeOptions: {debuggerAddress: localhost:51682}, javascriptEnabled: true, networkConnectionEnabled: false, pageLoadStrategy: normal, platform: WINDOWS, platformName: WINDOWS, proxy: Proxy(), setWindowRect: true, strictFileInteractability: false, timeouts: {implicit: 0, pageLoad: 300000, script: 30000}, unhandledPromptBehavior: dismiss and notify, webauthn:virtualAuthenticators: true}
Session ID: 16eb1e6455cd782b583ee5d6ffc4c1d6
at sun.reflect.NativeConstructorAccessorImpl.newInstance0(Native Method)
at sun.reflect.NativeConstructorAccessorImpl.newInstance(Unknown Source)
at sun.reflect.DelegatingConstructorAccessorImpl.newInstance(Unknown Source)
at java.lang.reflect.Constructor.newInstance(Unknown Source)
at org.openqa.selenium.remote.http.W3CHttpResponseCodec.createException(W3CHttpResponseCodec.java:187)
at org.openqa.selenium.remote.http.W3CHttpResponseCodec.decode(W3CHttpResponseCodec.java:122)
at org.openqa.selenium.remote.http.W3CHttpResponseCodec.decode(W3CHttpResponseCodec.java:49)
at org.openqa.selenium.remote.HttpCommandExecutor.execute(HttpCommandExecutor.java:158)
at org.openqa.selenium.remote.service.DriverCommandExecutor.execute(DriverCommandExecutor.java:83)
at org.openqa.selenium.remote.RemoteWebDriver.execute(RemoteWebDriver.java:552)
at org.openqa.selenium.remote.RemoteWebDriver.get(RemoteWebDriver.java:277)
at com.zeroBank.qa.base.TestBase.initialization(TestBase.java:47)
at com.zeroBank.qa.TestCases.TransferFundTest.setUp(TransferFundTest.java:28)
at sun.reflect.NativeMethodAccessorImpl.invoke0(Native Method)
at sun.reflect.NativeMethodAccessorImpl.invoke(Unknown Source)
at sun.reflect.DelegatingMethodAccessorImpl.invoke(Unknown Source)
at java.lang.reflect.Method.invoke(Unknown Source)
at org.testng.internal.MethodInvocationHelper.invokeMethod(MethodInvocationHelper.java:132)
at org.testng.internal.MethodInvocationHelper.invokeMethodConsideringTimeout(MethodInvocationHelper.java:61)
at org.testng.internal.ConfigInvoker.invokeConfigurationMethod(ConfigInvoker.java:366)
at org.testng.internal.ConfigInvoker.invokeConfigurations(ConfigInvoker.java:320)
at org.testng.internal.TestInvoker.runConfigMethods(TestInvoker.java:701)
at org.testng.internal.TestInvoker.invokeMethod(TestInvoker.java:527)
at org.testng.internal.TestInvoker.invokeTestMethod(TestInvoker.java:174)
at org.testng.internal.MethodRunner.runInSequence(MethodRunner.java:46)
at org.testng.internal.TestInvoker$MethodInvocationAgent.invoke(TestInvoker.java:822)
at org.testng.internal.TestInvoker.invokeTestMethods(TestInvoker.java:147)
at org.testng.internal.TestMethodWorker.invokeTestMethods(TestMethodWorker.java:146)
at org.testng.internal.TestMethodWorker.run(TestMethodWorker.java:128)
at java.util.ArrayList.forEach(Unknown Source)
at org.testng.TestRunner.privateRun(TestRunner.java:764)
at org.testng.TestRunner.run(TestRunner.java:585)
at org.testng.SuiteRunner.runTest(SuiteRunner.java:384)
at org.testng.SuiteRunner.runSequentially(SuiteRunner.java:378)
at org.testng.SuiteRunner.privateRun(SuiteRunner.java:337)
at org.testng.SuiteRunner.run(SuiteRunner.java:286)
at org.testng.SuiteRunnerWorker.runSuite(SuiteRunnerWorker.java:53)
at org.testng.SuiteRunnerWorker.run(SuiteRunnerWorker.java:96)
at org.testng.TestNG.runSuitesSequentially(TestNG.java:1218)
at org.testng.TestNG.runSuitesLocally(TestNG.java:1140)
at org.testng.TestNG.runSuites(TestNG.java:1069)
at org.testng.TestNG.run(TestNG.java:1037)
at org.testng.remote.AbstractRemoteTestNG.run(AbstractRemoteTestNG.java:115)
at org.testng.remote.RemoteTestNG.initAndRun(RemoteTestNG.java:251)
at org.testng.remote.RemoteTestNG.main(RemoteTestNG.java:77)
]]>
            </full-stacktrace>
          </exception> <!-- org.openqa.selenium.TimeoutException -->
          <reporter-output>
          </reporter-output>
        </test-method> <!-- verifyTransferFundPageTitle -->
        <test-method status="SKIP" signature="tearDown()[pri:0, instance:com.zeroBank.qa.TestCases.TransferFundTest@11438d26]" name="tearDown" is-config="true" duration-ms="-1600190522069" started-at="2020-09-15T22:52:02 IST" finished-at="1970-01-01T05:30:00 IST">
          <reporter-output>
          </reporter-output>
        </test-method> <!-- tearDown -->
        <test-method status="SKIP" signature="setUp()[pri:0, instance:com.zeroBank.qa.TestCases.TransferFundTest@11438d26]" name="setUp" is-config="true" duration-ms="-1600190522073" started-at="2020-09-15T22:52:02 IST" finished-at="1970-01-01T05:30:00 IST">
          <reporter-output>
          </reporter-output>
        </test-method> <!-- setUp -->
        <test-method status="SKIP" signature="verifyCheckingOption()[pri:2, instance:com.zeroBank.qa.TestCases.TransferFundTest@11438d26]" name="verifyCheckingOption" duration-ms="0" started-at="2020-09-15T22:52:02 IST" finished-at="2020-09-15T22:52:02 IST">
          <exception class="org.openqa.selenium.TimeoutException">
            <message>
              <![CDATA[timeout: Timed out receiving message from renderer: 8.395
  (Session info: chrome=85.0.4183.102)
Build info: version: '3.141.59', revision: 'e82be7d358', time: '2018-11-14T08:17:03'
System info: host: 'URMILA', ip: '192.168.43.60', os.name: 'Windows 10', os.arch: 'amd64', os.version: '10.0', java.version: '1.8.0_261'
Driver info: org.openqa.selenium.chrome.ChromeDriver
Capabilities {acceptInsecureCerts: false, browserName: chrome, browserVersion: 85.0.4183.102, chrome: {chromedriverVersion: 85.0.4183.83 (94abc2237ae0c..., userDataDir: C:\Users\Lenovo\AppData\Loc...}, goog:chromeOptions: {debuggerAddress: localhost:51682}, javascriptEnabled: true, networkConnectionEnabled: false, pageLoadStrategy: normal, platform: WINDOWS, platformName: WINDOWS, proxy: Proxy(), setWindowRect: true, strictFileInteractability: false, timeouts: {implicit: 0, pageLoad: 300000, script: 30000}, unhandledPromptBehavior: dismiss and notify, webauthn:virtualAuthenticators: true}
Session ID: 16eb1e6455cd782b583ee5d6ffc4c1d6]]>
            </message>
            <full-stacktrace>
              <![CDATA[org.openqa.selenium.TimeoutException: timeout: Timed out receiving message from renderer: 8.395
  (Session info: chrome=85.0.4183.102)
Build info: version: '3.141.59', revision: 'e82be7d358', time: '2018-11-14T08:17:03'
System info: host: 'URMILA', ip: '192.168.43.60', os.name: 'Windows 10', os.arch: 'amd64', os.version: '10.0', java.version: '1.8.0_261'
Driver info: org.openqa.selenium.chrome.ChromeDriver
Capabilities {acceptInsecureCerts: false, browserName: chrome, browserVersion: 85.0.4183.102, chrome: {chromedriverVersion: 85.0.4183.83 (94abc2237ae0c..., userDataDir: C:\Users\Lenovo\AppData\Loc...}, goog:chromeOptions: {debuggerAddress: localhost:51682}, javascriptEnabled: true, networkConnectionEnabled: false, pageLoadStrategy: normal, platform: WINDOWS, platformName: WINDOWS, proxy: Proxy(), setWindowRect: true, strictFileInteractability: false, timeouts: {implicit: 0, pageLoad: 300000, script: 30000}, unhandledPromptBehavior: dismiss and notify, webauthn:virtualAuthenticators: true}
Session ID: 16eb1e6455cd782b583ee5d6ffc4c1d6
at sun.reflect.NativeConstructorAccessorImpl.newInstance0(Native Method)
at sun.reflect.NativeConstructorAccessorImpl.newInstance(Unknown Source)
at sun.reflect.DelegatingConstructorAccessorImpl.newInstance(Unknown Source)
at java.lang.reflect.Constructor.newInstance(Unknown Source)
at org.openqa.selenium.remote.http.W3CHttpResponseCodec.createException(W3CHttpResponseCodec.java:187)
at org.openqa.selenium.remote.http.W3CHttpResponseCodec.decode(W3CHttpResponseCodec.java:122)
at org.openqa.selenium.remote.http.W3CHttpResponseCodec.decode(W3CHttpResponseCodec.java:49)
at org.openqa.selenium.remote.HttpCommandExecutor.execute(HttpCommandExecutor.java:158)
at org.openqa.selenium.remote.service.DriverCommandExecutor.execute(DriverCommandExecutor.java:83)
at org.openqa.selenium.remote.RemoteWebDriver.execute(RemoteWebDriver.java:552)
at org.openqa.selenium.remote.RemoteWebDriver.get(RemoteWebDriver.java:277)
at com.zeroBank.qa.base.TestBase.initialization(TestBase.java:47)
at com.zeroBank.qa.TestCases.TransferFundTest.setUp(TransferFundTest.java:28)
at sun.reflect.NativeMethodAccessorImpl.invoke0(Native Method)
at sun.reflect.NativeMethodAccessorImpl.invoke(Unknown Source)
at sun.reflect.DelegatingMethodAccessorImpl.invoke(Unknown Source)
at java.lang.reflect.Method.invoke(Unknown Source)
at org.testng.internal.MethodInvocationHelper.invokeMethod(MethodInvocationHelper.java:132)
at org.testng.internal.MethodInvocationHelper.invokeMethodConsideringTimeout(MethodInvocationHelper.java:61)
at org.testng.internal.ConfigInvoker.invokeConfigurationMethod(ConfigInvoker.java:366)
at org.testng.internal.ConfigInvoker.invokeConfigurations(ConfigInvoker.java:320)
at org.testng.internal.TestInvoker.runConfigMethods(TestInvoker.java:701)
at org.testng.internal.TestInvoker.invokeMethod(TestInvoker.java:527)
at org.testng.internal.TestInvoker.invokeTestMethod(TestInvoker.java:174)
at org.testng.internal.MethodRunner.runInSequence(MethodRunner.java:46)
at org.testng.internal.TestInvoker$MethodInvocationAgent.invoke(TestInvoker.java:822)
at org.testng.internal.TestInvoker.invokeTestMethods(TestInvoker.java:147)
at org.testng.internal.TestMethodWorker.invokeTestMethods(TestMethodWorker.java:146)
at org.testng.internal.TestMethodWorker.run(TestMethodWorker.java:128)
at java.util.ArrayList.forEach(Unknown Source)
at org.testng.TestRunner.privateRun(TestRunner.java:764)
at org.testng.TestRunner.run(TestRunner.java:585)
at org.testng.SuiteRunner.runTest(SuiteRunner.java:384)
at org.testng.SuiteRunner.runSequentially(SuiteRunner.java:378)
at org.testng.SuiteRunner.privateRun(SuiteRunner.java:337)
at org.testng.SuiteRunner.run(SuiteRunner.java:286)
at org.testng.SuiteRunnerWorker.runSuite(SuiteRunnerWorker.java:53)
at org.testng.SuiteRunnerWorker.run(SuiteRunnerWorker.java:96)
at org.testng.TestNG.runSuitesSequentially(TestNG.java:1218)
at org.testng.TestNG.runSuitesLocally(TestNG.java:1140)
at org.testng.TestNG.runSuites(TestNG.java:1069)
at org.testng.TestNG.run(TestNG.java:1037)
at org.testng.remote.AbstractRemoteTestNG.run(AbstractRemoteTestNG.java:115)
at org.testng.remote.RemoteTestNG.initAndRun(RemoteTestNG.java:251)
at org.testng.remote.RemoteTestNG.main(RemoteTestNG.java:77)
]]>
            </full-stacktrace>
          </exception> <!-- org.openqa.selenium.TimeoutException -->
          <reporter-output>
          </reporter-output>
        </test-method> <!-- verifyCheckingOption -->
        <test-method status="SKIP" signature="tearDown()[pri:0, instance:com.zeroBank.qa.TestCases.TransferFundTest@11438d26]" name="tearDown" is-config="true" duration-ms="-1600190522079" started-at="2020-09-15T22:52:02 IST" finished-at="1970-01-01T05:30:00 IST">
          <reporter-output>
          </reporter-output>
        </test-method> <!-- tearDown -->
      </class> <!-- com.zeroBank.qa.TestCases.TransferFundTest -->
      <class name="com.zeroBank.qa.TestCases.OnlineStatementsTest">
        <test-method status="PASS" signature="setUp()[pri:0, instance:com.zeroBank.qa.TestCases.OnlineStatementsTest@5faeada1]" name="setUp" is-config="true" duration-ms="15731" started-at="2020-09-15T22:55:35 IST" finished-at="2020-09-15T22:55:51 IST">
          <reporter-output>
          </reporter-output>
        </test-method> <!-- setUp -->
        <test-method status="PASS" signature="verifyOnlineStatementTitle()[pri:1, instance:com.zeroBank.qa.TestCases.OnlineStatementsTest@5faeada1]" name="verifyOnlineStatementTitle" duration-ms="13" started-at="2020-09-15T22:55:51 IST" finished-at="2020-09-15T22:55:51 IST">
          <reporter-output>
          </reporter-output>
        </test-method> <!-- verifyOnlineStatementTitle -->
        <test-method status="PASS" signature="tearDown()[pri:0, instance:com.zeroBank.qa.TestCases.OnlineStatementsTest@5faeada1]" name="tearDown" is-config="true" duration-ms="748" started-at="2020-09-15T22:55:51 IST" finished-at="2020-09-15T22:55:51 IST">
          <reporter-output>
          </reporter-output>
        </test-method> <!-- tearDown -->
        <test-method status="PASS" signature="setUp()[pri:0, instance:com.zeroBank.qa.TestCases.OnlineStatementsTest@5faeada1]" name="setUp" is-config="true" duration-ms="14650" started-at="2020-09-15T22:55:51 IST" finished-at="2020-09-15T22:56:06 IST">
          <reporter-output>
          </reporter-output>
        </test-method> <!-- setUp -->
        <test-method status="PASS" signature="clickOnYear()[pri:2, instance:com.zeroBank.qa.TestCases.OnlineStatementsTest@5faeada1]" name="clickOnYear" duration-ms="427" started-at="2020-09-15T22:56:06 IST" finished-at="2020-09-15T22:56:06 IST">
          <reporter-output>
          </reporter-output>
        </test-method> <!-- clickOnYear -->
        <test-method status="PASS" signature="tearDown()[pri:0, instance:com.zeroBank.qa.TestCases.OnlineStatementsTest@5faeada1]" name="tearDown" is-config="true" duration-ms="694" started-at="2020-09-15T22:56:06 IST" finished-at="2020-09-15T22:56:07 IST">
          <reporter-output>
          </reporter-output>
        </test-method> <!-- tearDown -->
      </class> <!-- com.zeroBank.qa.TestCases.OnlineStatementsTest -->
      <class name="com.zeroBank.qa.TestCases.MyMoneyMapTest">
        <test-method status="PASS" signature="setUp()[pri:0, instance:com.zeroBank.qa.TestCases.MyMoneyMapTest@7a1ebcd8]" name="setUp" is-config="true" duration-ms="21431" started-at="2020-09-15T22:54:48 IST" finished-at="2020-09-15T22:55:10 IST">
          <reporter-output>
          </reporter-output>
        </test-method> <!-- setUp -->
        <test-method status="PASS" signature="verifyMYMoneyMapTitle()[pri:1, instance:com.zeroBank.qa.TestCases.MyMoneyMapTest@7a1ebcd8]" name="verifyMYMoneyMapTitle" duration-ms="7196" started-at="2020-09-15T22:55:10 IST" finished-at="2020-09-15T22:55:17 IST">
          <reporter-output>
          </reporter-output>
        </test-method> <!-- verifyMYMoneyMapTitle -->
        <test-method status="PASS" signature="tearDown()[pri:0, instance:com.zeroBank.qa.TestCases.MyMoneyMapTest@7a1ebcd8]" name="tearDown" is-config="true" duration-ms="903" started-at="2020-09-15T22:55:17 IST" finished-at="2020-09-15T22:55:18 IST">
          <reporter-output>
          </reporter-output>
        </test-method> <!-- tearDown -->
        <test-method status="PASS" signature="setUp()[pri:0, instance:com.zeroBank.qa.TestCases.MyMoneyMapTest@7a1ebcd8]" name="setUp" is-config="true" duration-ms="13782" started-at="2020-09-15T22:55:18 IST" finished-at="2020-09-15T22:55:31 IST">
          <reporter-output>
          </reporter-output>
        </test-method> <!-- setUp -->
        <test-method status="PASS" signature="verifyChooseAccType()[pri:3, instance:com.zeroBank.qa.TestCases.MyMoneyMapTest@7a1ebcd8]" name="verifyChooseAccType" duration-ms="2702" started-at="2020-09-15T22:55:31 IST" finished-at="2020-09-15T22:55:34 IST">
          <reporter-output>
          </reporter-output>
        </test-method> <!-- verifyChooseAccType -->
        <test-method status="PASS" signature="tearDown()[pri:0, instance:com.zeroBank.qa.TestCases.MyMoneyMapTest@7a1ebcd8]" name="tearDown" is-config="true" duration-ms="754" started-at="2020-09-15T22:55:34 IST" finished-at="2020-09-15T22:55:35 IST">
          <reporter-output>
          </reporter-output>
        </test-method> <!-- tearDown -->
      </class> <!-- com.zeroBank.qa.TestCases.MyMoneyMapTest -->
      <class name="com.zeroBank.qa.TestCases.PayBillsTest">
        <test-method status="PASS" signature="setup()[pri:0, instance:com.zeroBank.qa.TestCases.PayBillsTest@34cd072c]" name="setup" is-config="true" duration-ms="30487" started-at="2020-09-15T22:52:02 IST" finished-at="2020-09-15T22:52:32 IST">
          <reporter-output>
          </reporter-output>
        </test-method> <!-- setup -->
        <test-method status="PASS" signature="verifyPayBillsPageTitle()[pri:1, instance:com.zeroBank.qa.TestCases.PayBillsTest@34cd072c]" name="verifyPayBillsPageTitle" duration-ms="11" started-at="2020-09-15T22:52:32 IST" finished-at="2020-09-15T22:52:32 IST">
          <reporter-output>
          </reporter-output>
        </test-method> <!-- verifyPayBillsPageTitle -->
        <test-method status="PASS" signature="tearDown()[pri:0, instance:com.zeroBank.qa.TestCases.PayBillsTest@34cd072c]" name="tearDown" is-config="true" duration-ms="16710" started-at="2020-09-15T22:52:32 IST" finished-at="2020-09-15T22:52:49 IST">
          <reporter-output>
          </reporter-output>
        </test-method> <!-- tearDown -->
        <test-method status="PASS" signature="setup()[pri:0, instance:com.zeroBank.qa.TestCases.PayBillsTest@34cd072c]" name="setup" is-config="true" duration-ms="38813" started-at="2020-09-15T22:52:49 IST" finished-at="2020-09-15T22:53:28 IST">
          <reporter-output>
          </reporter-output>
        </test-method> <!-- setup -->
        <test-method status="PASS" signature="verifyPaySavedPayee()[pri:2, instance:com.zeroBank.qa.TestCases.PayBillsTest@34cd072c]" name="verifyPaySavedPayee" duration-ms="3775" started-at="2020-09-15T22:53:28 IST" finished-at="2020-09-15T22:53:31 IST">
          <reporter-output>
          </reporter-output>
        </test-method> <!-- verifyPaySavedPayee -->
        <test-method status="PASS" signature="tearDown()[pri:0, instance:com.zeroBank.qa.TestCases.PayBillsTest@34cd072c]" name="tearDown" is-config="true" duration-ms="12466" started-at="2020-09-15T22:53:31 IST" finished-at="2020-09-15T22:53:44 IST">
          <reporter-output>
          </reporter-output>
        </test-method> <!-- tearDown -->
        <test-method status="PASS" signature="setup()[pri:0, instance:com.zeroBank.qa.TestCases.PayBillsTest@34cd072c]" name="setup" is-config="true" duration-ms="28604" started-at="2020-09-15T22:53:44 IST" finished-at="2020-09-15T22:54:12 IST">
          <reporter-output>
          </reporter-output>
        </test-method> <!-- setup -->
        <test-method status="PASS" signature="verifyAddNewPayee()[pri:3, instance:com.zeroBank.qa.TestCases.PayBillsTest@34cd072c]" name="verifyAddNewPayee" duration-ms="3085" started-at="2020-09-15T22:54:12 IST" finished-at="2020-09-15T22:54:16 IST">
          <reporter-output>
          </reporter-output>
        </test-method> <!-- verifyAddNewPayee -->
        <test-method status="PASS" signature="tearDown()[pri:0, instance:com.zeroBank.qa.TestCases.PayBillsTest@34cd072c]" name="tearDown" is-config="true" duration-ms="3028" started-at="2020-09-15T22:54:16 IST" finished-at="2020-09-15T22:54:19 IST">
          <reporter-output>
          </reporter-output>
        </test-method> <!-- tearDown -->
        <test-method status="PASS" signature="setup()[pri:0, instance:com.zeroBank.qa.TestCases.PayBillsTest@34cd072c]" name="setup" is-config="true" duration-ms="24545" started-at="2020-09-15T22:54:19 IST" finished-at="2020-09-15T22:54:43 IST">
          <reporter-output>
          </reporter-output>
        </test-method> <!-- setup -->
        <test-method status="PASS" signature="verifPurchaseForeignCurrency()[pri:4, instance:com.zeroBank.qa.TestCases.PayBillsTest@34cd072c]" name="verifPurchaseForeignCurrency" duration-ms="3563" started-at="2020-09-15T22:54:43 IST" finished-at="2020-09-15T22:54:47 IST">
          <reporter-output>
          </reporter-output>
        </test-method> <!-- verifPurchaseForeignCurrency -->
        <test-method status="PASS" signature="tearDown()[pri:0, instance:com.zeroBank.qa.TestCases.PayBillsTest@34cd072c]" name="tearDown" is-config="true" duration-ms="1467" started-at="2020-09-15T22:54:47 IST" finished-at="2020-09-15T22:54:48 IST">
          <reporter-output>
          </reporter-output>
        </test-method> <!-- tearDown -->
      </class> <!-- com.zeroBank.qa.TestCases.PayBillsTest -->
      <class name="com.zeroBank.qa.TestCases.AccountSummaryTest">
        <test-method status="PASS" signature="setUp()[pri:0, instance:com.zeroBank.qa.TestCases.AccountSummaryTest@305fd85d]" name="setUp" is-config="true" duration-ms="14263" started-at="2020-09-15T22:47:45 IST" finished-at="2020-09-15T22:47:59 IST">
          <reporter-output>
          </reporter-output>
        </test-method> <!-- setUp -->
        <test-method status="PASS" signature="doclickOnSavings()[pri:1, instance:com.zeroBank.qa.TestCases.AccountSummaryTest@305fd85d]" name="doclickOnSavings" duration-ms="1873" started-at="2020-09-15T22:47:59 IST" finished-at="2020-09-15T22:48:01 IST">
          <reporter-output>
          </reporter-output>
        </test-method> <!-- doclickOnSavings -->
        <test-method status="PASS" signature="tearDown()[pri:0, instance:com.zeroBank.qa.TestCases.AccountSummaryTest@305fd85d]" name="tearDown" is-config="true" duration-ms="744" started-at="2020-09-15T22:48:01 IST" finished-at="2020-09-15T22:48:02 IST">
          <reporter-output>
          </reporter-output>
        </test-method> <!-- tearDown -->
        <test-method status="PASS" signature="setUp()[pri:0, instance:com.zeroBank.qa.TestCases.AccountSummaryTest@305fd85d]" name="setUp" is-config="true" duration-ms="14978" started-at="2020-09-15T22:48:02 IST" finished-at="2020-09-15T22:48:17 IST">
          <reporter-output>
          </reporter-output>
        </test-method> <!-- setUp -->
        <test-method status="PASS" signature="doclickOnChecking()[pri:2, instance:com.zeroBank.qa.TestCases.AccountSummaryTest@305fd85d]" name="doclickOnChecking" duration-ms="1862" started-at="2020-09-15T22:48:17 IST" finished-at="2020-09-15T22:48:19 IST">
          <reporter-output>
          </reporter-output>
        </test-method> <!-- doclickOnChecking -->
        <test-method status="PASS" signature="tearDown()[pri:0, instance:com.zeroBank.qa.TestCases.AccountSummaryTest@305fd85d]" name="tearDown" is-config="true" duration-ms="805" started-at="2020-09-15T22:48:19 IST" finished-at="2020-09-15T22:48:19 IST">
          <reporter-output>
          </reporter-output>
        </test-method> <!-- tearDown -->
      </class> <!-- com.zeroBank.qa.TestCases.AccountSummaryTest -->
      <class name="com.zeroBank.qa.TestCases.AccountActivityTest">
        <test-method status="PASS" signature="setUp()[pri:0, instance:com.zeroBank.qa.TestCases.AccountActivityTest@458c1321]" name="setUp" is-config="true" duration-ms="19108" started-at="2020-09-15T22:48:19 IST" finished-at="2020-09-15T22:48:39 IST">
          <reporter-output>
          </reporter-output>
        </test-method> <!-- setUp -->
        <test-method status="PASS" signature="verifyCheckingOption()[pri:1, instance:com.zeroBank.qa.TestCases.AccountActivityTest@458c1321]" name="verifyCheckingOption" duration-ms="716" started-at="2020-09-15T22:48:39 IST" finished-at="2020-09-15T22:48:39 IST">
          <reporter-output>
          </reporter-output>
        </test-method> <!-- verifyCheckingOption -->
        <test-method status="PASS" signature="tearDown()[pri:0, instance:com.zeroBank.qa.TestCases.AccountActivityTest@458c1321]" name="tearDown" is-config="true" duration-ms="761" started-at="2020-09-15T22:48:39 IST" finished-at="2020-09-15T22:48:40 IST">
          <reporter-output>
          </reporter-output>
        </test-method> <!-- tearDown -->
        <test-method status="PASS" signature="setUp()[pri:0, instance:com.zeroBank.qa.TestCases.AccountActivityTest@458c1321]" name="setUp" is-config="true" duration-ms="21624" started-at="2020-09-15T22:48:40 IST" finished-at="2020-09-15T22:49:02 IST">
          <reporter-output>
          </reporter-output>
        </test-method> <!-- setUp -->
        <test-method status="PASS" signature="verifySavingsOption()[pri:2, instance:com.zeroBank.qa.TestCases.AccountActivityTest@458c1321]" name="verifySavingsOption" duration-ms="195" started-at="2020-09-15T22:49:02 IST" finished-at="2020-09-15T22:49:02 IST">
          <reporter-output>
          </reporter-output>
        </test-method> <!-- verifySavingsOption -->
        <test-method status="PASS" signature="tearDown()[pri:0, instance:com.zeroBank.qa.TestCases.AccountActivityTest@458c1321]" name="tearDown" is-config="true" duration-ms="787" started-at="2020-09-15T22:49:02 IST" finished-at="2020-09-15T22:49:03 IST">
          <reporter-output>
          </reporter-output>
        </test-method> <!-- tearDown -->
        <test-method status="PASS" signature="setUp()[pri:0, instance:com.zeroBank.qa.TestCases.AccountActivityTest@458c1321]" name="setUp" is-config="true" duration-ms="22990" started-at="2020-09-15T22:49:03 IST" finished-at="2020-09-15T22:49:26 IST">
          <reporter-output>
          </reporter-output>
        </test-method> <!-- setUp -->
        <test-method status="PASS" signature="verifyLoanOption()[pri:3, instance:com.zeroBank.qa.TestCases.AccountActivityTest@458c1321]" name="verifyLoanOption" duration-ms="348" started-at="2020-09-15T22:49:26 IST" finished-at="2020-09-15T22:49:26 IST">
          <reporter-output>
          </reporter-output>
        </test-method> <!-- verifyLoanOption -->
        <test-method status="PASS" signature="tearDown()[pri:0, instance:com.zeroBank.qa.TestCases.AccountActivityTest@458c1321]" name="tearDown" is-config="true" duration-ms="784" started-at="2020-09-15T22:49:26 IST" finished-at="2020-09-15T22:49:27 IST">
          <reporter-output>
          </reporter-output>
        </test-method> <!-- tearDown -->
        <test-method status="PASS" signature="setUp()[pri:0, instance:com.zeroBank.qa.TestCases.AccountActivityTest@458c1321]" name="setUp" is-config="true" duration-ms="21803" started-at="2020-09-15T22:49:27 IST" finished-at="2020-09-15T22:49:49 IST">
          <reporter-output>
          </reporter-output>
        </test-method> <!-- setUp -->
        <test-method status="PASS" signature="verifyCreditCardOption()[pri:4, instance:com.zeroBank.qa.TestCases.AccountActivityTest@458c1321]" name="verifyCreditCardOption" duration-ms="247" started-at="2020-09-15T22:49:49 IST" finished-at="2020-09-15T22:49:49 IST">
          <reporter-output>
          </reporter-output>
        </test-method> <!-- verifyCreditCardOption -->
        <test-method status="PASS" signature="tearDown()[pri:0, instance:com.zeroBank.qa.TestCases.AccountActivityTest@458c1321]" name="tearDown" is-config="true" duration-ms="750" started-at="2020-09-15T22:49:49 IST" finished-at="2020-09-15T22:49:50 IST">
          <reporter-output>
          </reporter-output>
        </test-method> <!-- tearDown -->
        <test-method status="PASS" signature="setUp()[pri:0, instance:com.zeroBank.qa.TestCases.AccountActivityTest@458c1321]" name="setUp" is-config="true" duration-ms="22417" started-at="2020-09-15T22:49:50 IST" finished-at="2020-09-15T22:50:12 IST">
          <reporter-output>
          </reporter-output>
        </test-method> <!-- setUp -->
        <test-method status="PASS" signature="verifybrokerageOption()[pri:5, instance:com.zeroBank.qa.TestCases.AccountActivityTest@458c1321]" name="verifybrokerageOption" duration-ms="138" started-at="2020-09-15T22:50:12 IST" finished-at="2020-09-15T22:50:12 IST">
          <reporter-output>
          </reporter-output>
        </test-method> <!-- verifybrokerageOption -->
        <test-method status="PASS" signature="tearDown()[pri:0, instance:com.zeroBank.qa.TestCases.AccountActivityTest@458c1321]" name="tearDown" is-config="true" duration-ms="5563" started-at="2020-09-15T22:50:12 IST" finished-at="2020-09-15T22:50:18 IST">
          <reporter-output>
          </reporter-output>
        </test-method> <!-- tearDown -->
        <test-method status="FAIL" signature="setUp()[pri:0, instance:com.zeroBank.qa.TestCases.AccountActivityTest@458c1321]" name="setUp" is-config="true" duration-ms="43937" started-at="2020-09-15T22:50:18 IST" finished-at="2020-09-15T22:51:02 IST">
          <exception class="org.openqa.selenium.NoSuchElementException">
            <message>
              <![CDATA[no such element: Unable to locate element: {"method":"xpath","selector":"//a[contains(text(),'Account Activity')]"}
  (Session info: chrome=85.0.4183.102)
For documentation on this error, please visit: https://www.seleniumhq.org/exceptions/no_such_element.html
Build info: version: '3.141.59', revision: 'e82be7d358', time: '2018-11-14T08:17:03'
System info: host: 'URMILA', ip: '192.168.43.60', os.name: 'Windows 10', os.arch: 'amd64', os.version: '10.0', java.version: '1.8.0_261'
Driver info: org.openqa.selenium.chrome.ChromeDriver
Capabilities {acceptInsecureCerts: false, browserName: chrome, browserVersion: 85.0.4183.102, chrome: {chromedriverVersion: 85.0.4183.83 (94abc2237ae0c..., userDataDir: C:\Users\Lenovo\AppData\Loc...}, goog:chromeOptions: {debuggerAddress: localhost:51653}, javascriptEnabled: true, networkConnectionEnabled: false, pageLoadStrategy: normal, platform: WINDOWS, platformName: WINDOWS, proxy: Proxy(), setWindowRect: true, strictFileInteractability: false, timeouts: {implicit: 0, pageLoad: 300000, script: 30000}, unhandledPromptBehavior: dismiss and notify, webauthn:virtualAuthenticators: true}
Session ID: 533f305c64fd63e96b1bcc0ac76dc73f
*** Element info: {Using=xpath, value=//a[contains(text(),'Account Activity')]}]]>
            </message>
            <full-stacktrace>
              <![CDATA[org.openqa.selenium.NoSuchElementException: no such element: Unable to locate element: {"method":"xpath","selector":"//a[contains(text(),'Account Activity')]"}
  (Session info: chrome=85.0.4183.102)
For documentation on this error, please visit: https://www.seleniumhq.org/exceptions/no_such_element.html
Build info: version: '3.141.59', revision: 'e82be7d358', time: '2018-11-14T08:17:03'
System info: host: 'URMILA', ip: '192.168.43.60', os.name: 'Windows 10', os.arch: 'amd64', os.version: '10.0', java.version: '1.8.0_261'
Driver info: org.openqa.selenium.chrome.ChromeDriver
Capabilities {acceptInsecureCerts: false, browserName: chrome, browserVersion: 85.0.4183.102, chrome: {chromedriverVersion: 85.0.4183.83 (94abc2237ae0c..., userDataDir: C:\Users\Lenovo\AppData\Loc...}, goog:chromeOptions: {debuggerAddress: localhost:51653}, javascriptEnabled: true, networkConnectionEnabled: false, pageLoadStrategy: normal, platform: WINDOWS, platformName: WINDOWS, proxy: Proxy(), setWindowRect: true, strictFileInteractability: false, timeouts: {implicit: 0, pageLoad: 300000, script: 30000}, unhandledPromptBehavior: dismiss and notify, webauthn:virtualAuthenticators: true}
Session ID: 533f305c64fd63e96b1bcc0ac76dc73f
*** Element info: {Using=xpath, value=//a[contains(text(),'Account Activity')]}
at sun.reflect.NativeConstructorAccessorImpl.newInstance0(Native Method)
at sun.reflect.NativeConstructorAccessorImpl.newInstance(Unknown Source)
at sun.reflect.DelegatingConstructorAccessorImpl.newInstance(Unknown Source)
at java.lang.reflect.Constructor.newInstance(Unknown Source)
at org.openqa.selenium.remote.http.W3CHttpResponseCodec.createException(W3CHttpResponseCodec.java:187)
at org.openqa.selenium.remote.http.W3CHttpResponseCodec.decode(W3CHttpResponseCodec.java:122)
at org.openqa.selenium.remote.http.W3CHttpResponseCodec.decode(W3CHttpResponseCodec.java:49)
at org.openqa.selenium.remote.HttpCommandExecutor.execute(HttpCommandExecutor.java:158)
at org.openqa.selenium.remote.service.DriverCommandExecutor.execute(DriverCommandExecutor.java:83)
at org.openqa.selenium.remote.RemoteWebDriver.execute(RemoteWebDriver.java:552)
at org.openqa.selenium.remote.RemoteWebDriver.findElement(RemoteWebDriver.java:323)
at org.openqa.selenium.remote.RemoteWebDriver.findElementByXPath(RemoteWebDriver.java:428)
at org.openqa.selenium.By$ByXPath.findElement(By.java:353)
at org.openqa.selenium.remote.RemoteWebDriver.findElement(RemoteWebDriver.java:315)
at org.openqa.selenium.support.pagefactory.DefaultElementLocator.findElement(DefaultElementLocator.java:69)
at org.openqa.selenium.support.pagefactory.internal.LocatingElementHandler.invoke(LocatingElementHandler.java:38)
at com.sun.proxy.$Proxy9.click(Unknown Source)
at com.zeroBank.qa.pages.AccountActivity.selectAccActivityTab(AccountActivity.java:33)
at com.zeroBank.qa.TestCases.AccountActivityTest.setUp(AccountActivityTest.java:35)
at sun.reflect.NativeMethodAccessorImpl.invoke0(Native Method)
at sun.reflect.NativeMethodAccessorImpl.invoke(Unknown Source)
at sun.reflect.DelegatingMethodAccessorImpl.invoke(Unknown Source)
at java.lang.reflect.Method.invoke(Unknown Source)
at org.testng.internal.MethodInvocationHelper.invokeMethod(MethodInvocationHelper.java:132)
at org.testng.internal.MethodInvocationHelper.invokeMethodConsideringTimeout(MethodInvocationHelper.java:61)
at org.testng.internal.ConfigInvoker.invokeConfigurationMethod(ConfigInvoker.java:366)
at org.testng.internal.ConfigInvoker.invokeConfigurations(ConfigInvoker.java:320)
at org.testng.internal.TestInvoker.runConfigMethods(TestInvoker.java:701)
at org.testng.internal.TestInvoker.invokeMethod(TestInvoker.java:527)
at org.testng.internal.TestInvoker.invokeTestMethod(TestInvoker.java:174)
at org.testng.internal.MethodRunner.runInSequence(MethodRunner.java:46)
at org.testng.internal.TestInvoker$MethodInvocationAgent.invoke(TestInvoker.java:822)
at org.testng.internal.TestInvoker.invokeTestMethods(TestInvoker.java:147)
at org.testng.internal.TestMethodWorker.invokeTestMethods(TestMethodWorker.java:146)
at org.testng.internal.TestMethodWorker.run(TestMethodWorker.java:128)
at java.util.ArrayList.forEach(Unknown Source)
at org.testng.TestRunner.privateRun(TestRunner.java:764)
at org.testng.TestRunner.run(TestRunner.java:585)
at org.testng.SuiteRunner.runTest(SuiteRunner.java:384)
at org.testng.SuiteRunner.runSequentially(SuiteRunner.java:378)
at org.testng.SuiteRunner.privateRun(SuiteRunner.java:337)
at org.testng.SuiteRunner.run(SuiteRunner.java:286)
at org.testng.SuiteRunnerWorker.runSuite(SuiteRunnerWorker.java:53)
at org.testng.SuiteRunnerWorker.run(SuiteRunnerWorker.java:96)
at org.testng.TestNG.runSuitesSequentially(TestNG.java:1218)
at org.testng.TestNG.runSuitesLocally(TestNG.java:1140)
at org.testng.TestNG.runSuites(TestNG.java:1069)
at org.testng.TestNG.run(TestNG.java:1037)
at org.testng.remote.AbstractRemoteTestNG.run(AbstractRemoteTestNG.java:115)
at org.testng.remote.RemoteTestNG.initAndRun(RemoteTestNG.java:251)
at org.testng.remote.RemoteTestNG.main(RemoteTestNG.java:77)
]]>
            </full-stacktrace>
          </exception> <!-- org.openqa.selenium.NoSuchElementException -->
          <reporter-output>
          </reporter-output>
        </test-method> <!-- setUp -->
        <test-method status="SKIP" signature="verifyfindTransaction()[pri:6, instance:com.zeroBank.qa.TestCases.AccountActivityTest@458c1321]" name="verifyfindTransaction" duration-ms="0" started-at="2020-09-15T22:51:02 IST" finished-at="2020-09-15T22:51:02 IST">
          <exception class="org.openqa.selenium.NoSuchElementException">
            <message>
              <![CDATA[no such element: Unable to locate element: {"method":"xpath","selector":"//a[contains(text(),'Account Activity')]"}
  (Session info: chrome=85.0.4183.102)
For documentation on this error, please visit: https://www.seleniumhq.org/exceptions/no_such_element.html
Build info: version: '3.141.59', revision: 'e82be7d358', time: '2018-11-14T08:17:03'
System info: host: 'URMILA', ip: '192.168.43.60', os.name: 'Windows 10', os.arch: 'amd64', os.version: '10.0', java.version: '1.8.0_261'
Driver info: org.openqa.selenium.chrome.ChromeDriver
Capabilities {acceptInsecureCerts: false, browserName: chrome, browserVersion: 85.0.4183.102, chrome: {chromedriverVersion: 85.0.4183.83 (94abc2237ae0c..., userDataDir: C:\Users\Lenovo\AppData\Loc...}, goog:chromeOptions: {debuggerAddress: localhost:51653}, javascriptEnabled: true, networkConnectionEnabled: false, pageLoadStrategy: normal, platform: WINDOWS, platformName: WINDOWS, proxy: Proxy(), setWindowRect: true, strictFileInteractability: false, timeouts: {implicit: 0, pageLoad: 300000, script: 30000}, unhandledPromptBehavior: dismiss and notify, webauthn:virtualAuthenticators: true}
Session ID: 533f305c64fd63e96b1bcc0ac76dc73f
*** Element info: {Using=xpath, value=//a[contains(text(),'Account Activity')]}]]>
            </message>
            <full-stacktrace>
              <![CDATA[org.openqa.selenium.NoSuchElementException: no such element: Unable to locate element: {"method":"xpath","selector":"//a[contains(text(),'Account Activity')]"}
  (Session info: chrome=85.0.4183.102)
For documentation on this error, please visit: https://www.seleniumhq.org/exceptions/no_such_element.html
Build info: version: '3.141.59', revision: 'e82be7d358', time: '2018-11-14T08:17:03'
System info: host: 'URMILA', ip: '192.168.43.60', os.name: 'Windows 10', os.arch: 'amd64', os.version: '10.0', java.version: '1.8.0_261'
Driver info: org.openqa.selenium.chrome.ChromeDriver
Capabilities {acceptInsecureCerts: false, browserName: chrome, browserVersion: 85.0.4183.102, chrome: {chromedriverVersion: 85.0.4183.83 (94abc2237ae0c..., userDataDir: C:\Users\Lenovo\AppData\Loc...}, goog:chromeOptions: {debuggerAddress: localhost:51653}, javascriptEnabled: true, networkConnectionEnabled: false, pageLoadStrategy: normal, platform: WINDOWS, platformName: WINDOWS, proxy: Proxy(), setWindowRect: true, strictFileInteractability: false, timeouts: {implicit: 0, pageLoad: 300000, script: 30000}, unhandledPromptBehavior: dismiss and notify, webauthn:virtualAuthenticators: true}
Session ID: 533f305c64fd63e96b1bcc0ac76dc73f
*** Element info: {Using=xpath, value=//a[contains(text(),'Account Activity')]}
at sun.reflect.NativeConstructorAccessorImpl.newInstance0(Native Method)
at sun.reflect.NativeConstructorAccessorImpl.newInstance(Unknown Source)
at sun.reflect.DelegatingConstructorAccessorImpl.newInstance(Unknown Source)
at java.lang.reflect.Constructor.newInstance(Unknown Source)
at org.openqa.selenium.remote.http.W3CHttpResponseCodec.createException(W3CHttpResponseCodec.java:187)
at org.openqa.selenium.remote.http.W3CHttpResponseCodec.decode(W3CHttpResponseCodec.java:122)
at org.openqa.selenium.remote.http.W3CHttpResponseCodec.decode(W3CHttpResponseCodec.java:49)
at org.openqa.selenium.remote.HttpCommandExecutor.execute(HttpCommandExecutor.java:158)
at org.openqa.selenium.remote.service.DriverCommandExecutor.execute(DriverCommandExecutor.java:83)
at org.openqa.selenium.remote.RemoteWebDriver.execute(RemoteWebDriver.java:552)
at org.openqa.selenium.remote.RemoteWebDriver.findElement(RemoteWebDriver.java:323)
at org.openqa.selenium.remote.RemoteWebDriver.findElementByXPath(RemoteWebDriver.java:428)
at org.openqa.selenium.By$ByXPath.findElement(By.java:353)
at org.openqa.selenium.remote.RemoteWebDriver.findElement(RemoteWebDriver.java:315)
at org.openqa.selenium.support.pagefactory.DefaultElementLocator.findElement(DefaultElementLocator.java:69)
at org.openqa.selenium.support.pagefactory.internal.LocatingElementHandler.invoke(LocatingElementHandler.java:38)
at com.sun.proxy.$Proxy9.click(Unknown Source)
at com.zeroBank.qa.pages.AccountActivity.selectAccActivityTab(AccountActivity.java:33)
at com.zeroBank.qa.TestCases.AccountActivityTest.setUp(AccountActivityTest.java:35)
at sun.reflect.NativeMethodAccessorImpl.invoke0(Native Method)
at sun.reflect.NativeMethodAccessorImpl.invoke(Unknown Source)
at sun.reflect.DelegatingMethodAccessorImpl.invoke(Unknown Source)
at java.lang.reflect.Method.invoke(Unknown Source)
at org.testng.internal.MethodInvocationHelper.invokeMethod(MethodInvocationHelper.java:132)
at org.testng.internal.MethodInvocationHelper.invokeMethodConsideringTimeout(MethodInvocationHelper.java:61)
at org.testng.internal.ConfigInvoker.invokeConfigurationMethod(ConfigInvoker.java:366)
at org.testng.internal.ConfigInvoker.invokeConfigurations(ConfigInvoker.java:320)
at org.testng.internal.TestInvoker.runConfigMethods(TestInvoker.java:701)
at org.testng.internal.TestInvoker.invokeMethod(TestInvoker.java:527)
at org.testng.internal.TestInvoker.invokeTestMethod(TestInvoker.java:174)
at org.testng.internal.MethodRunner.runInSequence(MethodRunner.java:46)
at org.testng.internal.TestInvoker$MethodInvocationAgent.invoke(TestInvoker.java:822)
at org.testng.internal.TestInvoker.invokeTestMethods(TestInvoker.java:147)
at org.testng.internal.TestMethodWorker.invokeTestMethods(TestMethodWorker.java:146)
at org.testng.internal.TestMethodWorker.run(TestMethodWorker.java:128)
at java.util.ArrayList.forEach(Unknown Source)
at org.testng.TestRunner.privateRun(TestRunner.java:764)
at org.testng.TestRunner.run(TestRunner.java:585)
at org.testng.SuiteRunner.runTest(SuiteRunner.java:384)
at org.testng.SuiteRunner.runSequentially(SuiteRunner.java:378)
at org.testng.SuiteRunner.privateRun(SuiteRunner.java:337)
at org.testng.SuiteRunner.run(SuiteRunner.java:286)
at org.testng.SuiteRunnerWorker.runSuite(SuiteRunnerWorker.java:53)
at org.testng.SuiteRunnerWorker.run(SuiteRunnerWorker.java:96)
at org.testng.TestNG.runSuitesSequentially(TestNG.java:1218)
at org.testng.TestNG.runSuitesLocally(TestNG.java:1140)
at org.testng.TestNG.runSuites(TestNG.java:1069)
at org.testng.TestNG.run(TestNG.java:1037)
at org.testng.remote.AbstractRemoteTestNG.run(AbstractRemoteTestNG.java:115)
at org.testng.remote.RemoteTestNG.initAndRun(RemoteTestNG.java:251)
at org.testng.remote.RemoteTestNG.main(RemoteTestNG.java:77)
]]>
            </full-stacktrace>
          </exception> <!-- org.openqa.selenium.NoSuchElementException -->
          <reporter-output>
          </reporter-output>
        </test-method> <!-- verifyfindTransaction -->
        <test-method status="SKIP" signature="tearDown()[pri:0, instance:com.zeroBank.qa.TestCases.AccountActivityTest@458c1321]" name="tearDown" is-config="true" duration-ms="-1600190462260" started-at="2020-09-15T22:51:02 IST" finished-at="1970-01-01T05:30:00 IST">
          <reporter-output>
          </reporter-output>
        </test-method> <!-- tearDown -->
      </class> <!-- com.zeroBank.qa.TestCases.AccountActivityTest -->
    </test> <!-- Free ZeroBank App Test Cases -->
  </suite> <!-- FREE ZeroBank Application Test Automation Test Suite -->
</testng-results>
